<?xml version="1.0" encoding="UTF-8"?>
<!-- Generated by org.testng.reporters.JUnitXMLReporter -->
<testsuite ignored="0" hostname="LAPTOP-OJ4MLBPQ" failures="47" tests="54" name="Default test" time="657.54" errors="0" timestamp="2026-04-30T13:40:38 IST">
  <testcase classname="io.cucumber.testng.AbstractTestNGCucumberTests" name="runScenario" time="0.105">
    <failure type="io.cucumber.core.runner.DuplicateStepDefinitionException" message="Duplicate step definitions in com.skillio.stepdefinitions.MyInfoSteps.userClicksSaveButton() and com.skillio.stepdefinitions.PimSteps.userClicksSaveButton()">
      <![CDATA[io.cucumber.core.runner.DuplicateStepDefinitionException: Duplicate step definitions in com.skillio.stepdefinitions.MyInfoSteps.userClicksSaveButton() and com.skillio.stepdefinitions.PimSteps.userClicksSaveButton()
at io.cucumber.core.runner.CachingGlue.lambda$prepareGlue$3(CachingGlue.java:313)
at java.base/java.util.ArrayList.forEach(ArrayList.java:1596)
at io.cucumber.core.runner.CachingGlue.prepareGlue(CachingGlue.java:307)
at io.cucumber.core.runner.Runner.runPickle(Runner.java:71)
at io.cucumber.testng.TestNGCucumberRunner.lambda$runScenario$1(TestNGCucumberRunner.java:135)
at io.cucumber.core.runtime.CucumberExecutionContext.lambda$runTestCase$5(CucumberExecutionContext.java:136)
at io.cucumber.core.runtime.RethrowingThrowableCollector.executeAndThrow(RethrowingThrowableCollector.java:23)
at io.cucumber.core.runtime.CucumberExecutionContext.runTestCase(CucumberExecutionContext.java:136)
at io.cucumber.testng.TestNGCucumberRunner.runScenario(TestNGCucumberRunner.java:132)
at io.cucumber.testng.AbstractTestNGCucumberTests.runScenario(AbstractTestNGCucumberTests.java:35)
at java.base/jdk.internal.reflect.DirectMethodHandleAccessor.invoke(DirectMethodHandleAccessor.java:103)
at java.base/java.lang.reflect.Method.invoke(Method.java:580)
at org.testng.internal.invokers.MethodInvocationHelper.invokeMethod(MethodInvocationHelper.java:141)
at org.testng.internal.invokers.TestInvoker.invokeMethod(TestInvoker.java:686)
at org.testng.internal.invokers.TestInvoker.invokeTestMethod(TestInvoker.java:230)
at org.testng.internal.invokers.MethodRunner.runInSequence(MethodRunner.java:63)
at org.testng.internal.invokers.TestInvoker$MethodInvocationAgent.invoke(TestInvoker.java:992)
at org.testng.internal.invokers.TestInvoker.invokeTestMethods(TestInvoker.java:203)
at org.testng.internal.invokers.TestMethodWorker.invokeTestMethods(TestMethodWorker.java:154)
at org.testng.internal.invokers.TestMethodWorker.run(TestMethodWorker.java:134)
at java.base/java.util.ArrayList.forEach(ArrayList.java:1596)
at org.testng.TestRunner.privateRun(TestRunner.java:739)
at org.testng.TestRunner.run(TestRunner.java:614)
at org.testng.SuiteRunner.runTest(SuiteRunner.java:421)
at org.testng.SuiteRunner.runSequentially(SuiteRunner.java:413)
at org.testng.SuiteRunner.privateRun(SuiteRunner.java:373)
at org.testng.SuiteRunner.run(SuiteRunner.java:312)
at org.testng.SuiteRunnerWorker.runSuite(SuiteRunnerWorker.java:52)
at org.testng.SuiteRunnerWorker.run(SuiteRunnerWorker.java:95)
at org.testng.TestNG.runSuitesSequentially(TestNG.java:1274)
at org.testng.TestNG.runSuitesLocally(TestNG.java:1208)
at org.testng.TestNG.runSuites(TestNG.java:1112)
at org.testng.TestNG.run(TestNG.java:1079)
at org.testng.remote.AbstractRemoteTestNG.run(AbstractRemoteTestNG.java:115)
at org.testng.remote.RemoteTestNG.initAndRun(RemoteTestNG.java:293)
at org.testng.remote.RemoteTestNG.main(RemoteTestNG.java:91)
]]>
    </failure>
  </testcase> <!-- runScenario -->
  <testcase classname="io.cucumber.testng.AbstractTestNGCucumberTests" name="runScenario" time="5.23">
    <failure type="org.openqa.selenium.SessionNotCreatedException" message="Could not start a new session. Response code 500. Message: session not created: Chrome instance exited. Examine ChromeDriver verbose log to determine the cause. 
Host info: host: &amp;apos;LAPTOP-OJ4MLBPQ&amp;apos;, ip: &amp;apos;192.168.0.102&amp;apos;
Build info: version: &amp;apos;4.40.0&amp;apos;, revision: &amp;apos;b3333f1&amp;apos;
System info: os.name: &amp;apos;Windows 11&amp;apos;, os.arch: &amp;apos;amd64&amp;apos;, os.version: &amp;apos;10.0&amp;apos;, java.version: &amp;apos;21.0.9&amp;apos;
Driver info: org.openqa.selenium.chrome.ChromeDriver
Command: [null, newSession {capabilities=[Capabilities {browserName: chrome, goog:chromeOptions: {args: [--disable-notifications, --disable-popup-blocking], binary: C:\Program Files\Google\Chr..., extensions: []}}]}]">
      <![CDATA[org.openqa.selenium.SessionNotCreatedException: Could not start a new session. Response code 500. Message: session not created: Chrome instance exited. Examine ChromeDriver verbose log to determine the cause. 
Host info: host: 'LAPTOP-OJ4MLBPQ', ip: '192.168.0.102'
Build info: version: '4.40.0', revision: 'b3333f1'
System info: os.name: 'Windows 11', os.arch: 'amd64', os.version: '10.0', java.version: '21.0.9'
Driver info: org.openqa.selenium.chrome.ChromeDriver
Command: [null, newSession {capabilities=[Capabilities {browserName: chrome, goog:chromeOptions: {args: [--disable-notifications, --disable-popup-blocking], binary: C:\Program Files\Google\Chr..., extensions: []}}]}]
at org.openqa.selenium.remote.ProtocolHandshake.createSession(ProtocolHandshake.java:114)
at org.openqa.selenium.remote.ProtocolHandshake.createSession(ProtocolHandshake.java:75)
at org.openqa.selenium.remote.ProtocolHandshake.createSession(ProtocolHandshake.java:61)
at org.openqa.selenium.remote.HttpCommandExecutor.execute(HttpCommandExecutor.java:195)
at org.openqa.selenium.remote.service.DriverCommandExecutor.invokeExecute(DriverCommandExecutor.java:216)
at org.openqa.selenium.remote.service.DriverCommandExecutor.execute(DriverCommandExecutor.java:174)
at org.openqa.selenium.remote.RemoteWebDriver.execute(RemoteWebDriver.java:601)
at org.openqa.selenium.remote.RemoteWebDriver.startSession(RemoteWebDriver.java:286)
at org.openqa.selenium.remote.RemoteWebDriver.<init>(RemoteWebDriver.java:209)
at org.openqa.selenium.chromium.ChromiumDriver.<init>(ChromiumDriver.java:115)
at org.openqa.selenium.chrome.ChromeDriver.<init>(ChromeDriver.java:92)
at org.openqa.selenium.chrome.ChromeDriver.<init>(ChromeDriver.java:76)
at org.openqa.selenium.chrome.ChromeDriver.<init>(ChromeDriver.java:72)
at com.skillio.base.Keyword.openBrowser(Keyword.java:52)
at com.skillio.base.Hooks.setUp(Hooks.java:21)
]]>
    </failure>
  </testcase> <!-- runScenario -->
  <testcase classname="io.cucumber.testng.AbstractTestNGCucumberTests" name="runScenario" time="40.302">
    <failure type="org.openqa.selenium.TimeoutException" message="[WaitFor] TIMEOUT — NOT CLICKABLE: By.xpath: //div[@class=&amp;apos;oxd-select-dropdown&amp;apos;]//span[text()=&amp;apos;Admin&amp;apos;]
  May be hidden, disabled, or overlapped.">
      <![CDATA[org.openqa.selenium.TimeoutException: [WaitFor] TIMEOUT — NOT CLICKABLE: By.xpath: //div[@class='oxd-select-dropdown']//span[text()='Admin']
  May be hidden, disabled, or overlapped.
at com.skillio.utils.WaitFor.elementToBeClickable(WaitFor.java:63)
at com.skillio.pages.AdminPage_New.selectUserRole(AdminPage_New.java:102)
at com.skillio.stepdefinitions.AdminSteps_New.userSelectsUserRole(AdminSteps_New.java:43)
at ✽.user selects user role "Admin"(file:///C:/Users/ASUS/eclipse-workspace/Rose26A/src/test/resources/FeatureFile/Admin.features/Admin-New.feature:37)
Caused by: org.openqa.selenium.TimeoutException: Expected condition failed: waiting for element found by By.xpath: //div[@class='oxd-select-dropdown']//span[text()='Admin'] to be clickable, but the element was not found: org.openqa.selenium.NoSuchElementException: no such element: Unable to locate element: {"method":"xpath","selector":"//div[@class='oxd-select-dropdown']//span[text()='Admin']"}.
(tried for 30 seconds with 500 milliseconds interval)
Build info: version: '4.40.0', revision: 'b3333f1'
System info: os.name: 'Windows 11', os.arch: 'amd64', os.version: '10.0', java.version: '21.0.9'
Driver info: org.openqa.selenium.chrome.ChromeDriver
Capabilities {acceptInsecureCerts: false, browserName: chrome, browserVersion: 147.0.7727.117, chrome: {chromedriverVersion: 147.0.7727.117 (474cc805edd..., userDataDir: C:\Users\ASUS\AppData\Local...}, fedcm:accounts: true, goog:chromeOptions: {debuggerAddress: localhost:54679}, goog:processID: 14644, networkConnectionEnabled: false, pageLoadStrategy: normal, platformName: windows, proxy: Proxy(), se:cdp: ws://localhost:54679/devtoo..., se:cdpVersion: 147.0.7727.117, setWindowRect: true, strictFileInteractability: false, timeouts: {implicit: 0, pageLoad: 300000, script: 30000}, unhandledPromptBehavior: dismiss and notify, webauthn:extension:credBlob: true, webauthn:extension:largeBlob: true, webauthn:extension:minPinLength: true, webauthn:extension:prf: true, webauthn:virtualAuthenticators: true}
Session ID: bb75a88be3cacff86b2b4312ee2c35dc
at org.openqa.selenium.support.ui.WebDriverWait.timeoutException(WebDriverWait.java:84)
at org.openqa.selenium.support.ui.FluentWait.until(FluentWait.java:231)
at com.skillio.utils.WaitFor.elementToBeClickable(WaitFor.java:61)
... 3 more
]]>
    </failure>
  </testcase> <!-- runScenario -->
  <testcase classname="io.cucumber.testng.AbstractTestNGCucumberTests" name="runScenario" time="11.118"/>
  <testcase classname="io.cucumber.testng.AbstractTestNGCucumberTests" name="runScenario" time="38.645">
    <failure type="org.openqa.selenium.TimeoutException" message="[WaitFor] TIMEOUT — NOT CLICKABLE: By.xpath: //span[text()=&amp;apos;Job&amp;apos;]
  May be hidden, disabled, or overlapped.">
      <![CDATA[org.openqa.selenium.TimeoutException: [WaitFor] TIMEOUT — NOT CLICKABLE: By.xpath: //span[text()='Job']
  May be hidden, disabled, or overlapped.
at com.skillio.utils.WaitFor.elementToBeClickable(WaitFor.java:63)
at com.skillio.pages.AdminPage_New.clickAdminSubMenu(AdminPage_New.java:156)
at com.skillio.stepdefinitions.AdminSteps_New.userNavigatesToSectionUnderAdmin(AdminSteps_New.java:83)
at ✽.user navigates to "Job" section under Admin(file:///C:/Users/ASUS/eclipse-workspace/Rose26A/src/test/resources/FeatureFile/Admin.features/Admin-New.feature:55)
Caused by: org.openqa.selenium.TimeoutException: Expected condition failed: waiting for element found by By.xpath: //span[text()='Job'] to be clickable, but the element was not found: org.openqa.selenium.NoSuchElementException: no such element: Unable to locate element: {"method":"xpath","selector":"//span[text()='Job']"}.
(tried for 30 seconds with 500 milliseconds interval)
Build info: version: '4.40.0', revision: 'b3333f1'
System info: os.name: 'Windows 11', os.arch: 'amd64', os.version: '10.0', java.version: '21.0.9'
Driver info: org.openqa.selenium.chrome.ChromeDriver
Capabilities {acceptInsecureCerts: false, browserName: chrome, browserVersion: 147.0.7727.117, chrome: {chromedriverVersion: 147.0.7727.117 (474cc805edd..., userDataDir: C:\Users\ASUS\AppData\Local...}, fedcm:accounts: true, goog:chromeOptions: {debuggerAddress: localhost:54924}, goog:processID: 16408, networkConnectionEnabled: false, pageLoadStrategy: normal, platformName: windows, proxy: Proxy(), se:cdp: ws://localhost:54924/devtoo..., se:cdpVersion: 147.0.7727.117, setWindowRect: true, strictFileInteractability: false, timeouts: {implicit: 0, pageLoad: 300000, script: 30000}, unhandledPromptBehavior: dismiss and notify, webauthn:extension:credBlob: true, webauthn:extension:largeBlob: true, webauthn:extension:minPinLength: true, webauthn:extension:prf: true, webauthn:virtualAuthenticators: true}
Session ID: 786641592814007af9b9fd135bb4191f
at org.openqa.selenium.support.ui.WebDriverWait.timeoutException(WebDriverWait.java:84)
at org.openqa.selenium.support.ui.FluentWait.until(FluentWait.java:231)
at com.skillio.utils.WaitFor.elementToBeClickable(WaitFor.java:61)
... 3 more
]]>
    </failure>
  </testcase> <!-- runScenario -->
  <testcase classname="io.cucumber.testng.AbstractTestNGCucumberTests" name="runScenario" time="5.73"/>
  <testcase classname="io.cucumber.testng.AbstractTestNGCucumberTests" name="runScenario" time="7.258"/>
  <testcase classname="io.cucumber.testng.AbstractTestNGCucumberTests" name="runScenario" time="5.854">
    <failure type="io.cucumber.testng.UndefinedStepException" message="The step &amp;apos;user enters userName &amp;quot;Admin&amp;quot; and password &amp;quot;admin123&amp;quot;&amp;apos; is undefined.
You can implement this step using the snippet(s) below:

@When(&amp;quot;user enters userName {string} and password {string}&amp;quot;)
public void user_enters_user_name_and_password(String string, String string2) {
    // Write code here that turns the phrase above into concrete actions
    throw new io.cucumber.java.PendingException();
}
">
      <![CDATA[io.cucumber.testng.UndefinedStepException: The step 'user enters userName "Admin" and password "admin123"' is undefined.
You can implement this step using the snippet(s) below:

@When("user enters userName {string} and password {string}")
public void user_enters_user_name_and_password(String string, String string2) {
    // Write code here that turns the phrase above into concrete actions
    throw new io.cucumber.java.PendingException();
}

at ✽.user enters userName "Admin" and password "admin123"(file:///C:/Users/ASUS/eclipse-workspace/Rose26A/src/test/resources/FeatureFile/Admin.features/login.feature:19)
]]>
    </failure>
  </testcase> <!-- runScenario -->
  <testcase classname="io.cucumber.testng.AbstractTestNGCucumberTests" name="runScenario" time="4.088">
    <failure type="io.cucumber.testng.UndefinedStepException" message="The step &amp;apos;user enters userName &amp;quot;wronguser&amp;quot; and password &amp;quot;wrongpass&amp;quot;&amp;apos; is undefined.
You can implement this step using the snippet(s) below:

@When(&amp;quot;user enters userName {string} and password {string}&amp;quot;)
public void user_enters_user_name_and_password(String string, String string2) {
    // Write code here that turns the phrase above into concrete actions
    throw new io.cucumber.java.PendingException();
}
">
      <![CDATA[io.cucumber.testng.UndefinedStepException: The step 'user enters userName "wronguser" and password "wrongpass"' is undefined.
You can implement this step using the snippet(s) below:

@When("user enters userName {string} and password {string}")
public void user_enters_user_name_and_password(String string, String string2) {
    // Write code here that turns the phrase above into concrete actions
    throw new io.cucumber.java.PendingException();
}

at ✽.user enters userName "wronguser" and password "wrongpass"(file:///C:/Users/ASUS/eclipse-workspace/Rose26A/src/test/resources/FeatureFile/Admin.features/login.feature:19)
]]>
    </failure>
  </testcase> <!-- runScenario -->
  <testcase classname="io.cucumber.testng.AbstractTestNGCucumberTests" name="runScenario" time="5.083">
    <failure type="io.cucumber.testng.UndefinedStepException" message="The step &amp;apos;user enters userName &amp;quot;Admin&amp;quot; and password &amp;quot;wrongpass&amp;quot;&amp;apos; is undefined.
You can implement this step using the snippet(s) below:

@When(&amp;quot;user enters userName {string} and password {string}&amp;quot;)
public void user_enters_user_name_and_password(String string, String string2) {
    // Write code here that turns the phrase above into concrete actions
    throw new io.cucumber.java.PendingException();
}
">
      <![CDATA[io.cucumber.testng.UndefinedStepException: The step 'user enters userName "Admin" and password "wrongpass"' is undefined.
You can implement this step using the snippet(s) below:

@When("user enters userName {string} and password {string}")
public void user_enters_user_name_and_password(String string, String string2) {
    // Write code here that turns the phrase above into concrete actions
    throw new io.cucumber.java.PendingException();
}

at ✽.user enters userName "Admin" and password "wrongpass"(file:///C:/Users/ASUS/eclipse-workspace/Rose26A/src/test/resources/FeatureFile/Admin.features/login.feature:19)
]]>
    </failure>
  </testcase> <!-- runScenario -->
  <testcase classname="io.cucumber.testng.AbstractTestNGCucumberTests" name="runScenario" time="3.655">
    <failure type="io.cucumber.testng.UndefinedStepException" message="The step &amp;apos;user enters userName &amp;quot;&amp;quot; and password &amp;quot;&amp;quot;&amp;apos; is undefined.
You can implement this step using the snippet(s) below:

@When(&amp;quot;user enters userName {string} and password {string}&amp;quot;)
public void user_enters_user_name_and_password(String string, String string2) {
    // Write code here that turns the phrase above into concrete actions
    throw new io.cucumber.java.PendingException();
}
">
      <![CDATA[io.cucumber.testng.UndefinedStepException: The step 'user enters userName "" and password ""' is undefined.
You can implement this step using the snippet(s) below:

@When("user enters userName {string} and password {string}")
public void user_enters_user_name_and_password(String string, String string2) {
    // Write code here that turns the phrase above into concrete actions
    throw new io.cucumber.java.PendingException();
}

at ✽.user enters userName "" and password ""(file:///C:/Users/ASUS/eclipse-workspace/Rose26A/src/test/resources/FeatureFile/Admin.features/login.feature:19)
]]>
    </failure>
  </testcase> <!-- runScenario -->
  <testcase classname="io.cucumber.testng.AbstractTestNGCucumberTests" name="runScenario" time="4.022">
    <failure type="io.cucumber.testng.UndefinedStepException" message="The step &amp;apos;user is on the OrangeHRM login page&amp;apos; and 2 other step(s) are undefined.
You can implement these steps using the snippet(s) below:

@Given(&amp;quot;user is on the OrangeHRM login page&amp;quot;)
public void user_is_on_the_orange_hrm_login_page() {
    // Write code here that turns the phrase above into concrete actions
    throw new io.cucumber.java.PendingException();
}
@When(&amp;quot;user enters userName {string} and password {string}&amp;quot;)
public void user_enters_user_name_and_password(String string, String string2) {
    // Write code here that turns the phrase above into concrete actions
    throw new io.cucumber.java.PendingException();
}
@Then(&amp;quot;userName field validation error {string} should be displayed&amp;quot;)
public void user_name_field_validation_error_should_be_displayed(String string) {
    // Write code here that turns the phrase above into concrete actions
    throw new io.cucumber.java.PendingException();
}
">
      <![CDATA[io.cucumber.testng.UndefinedStepException: The step 'user is on the OrangeHRM login page' and 2 other step(s) are undefined.
You can implement these steps using the snippet(s) below:

@Given("user is on the OrangeHRM login page")
public void user_is_on_the_orange_hrm_login_page() {
    // Write code here that turns the phrase above into concrete actions
    throw new io.cucumber.java.PendingException();
}
@When("user enters userName {string} and password {string}")
public void user_enters_user_name_and_password(String string, String string2) {
    // Write code here that turns the phrase above into concrete actions
    throw new io.cucumber.java.PendingException();
}
@Then("userName field validation error {string} should be displayed")
public void user_name_field_validation_error_should_be_displayed(String string) {
    // Write code here that turns the phrase above into concrete actions
    throw new io.cucumber.java.PendingException();
}

at ✽.user is on the OrangeHRM login page(file:///C:/Users/ASUS/eclipse-workspace/Rose26A/src/test/resources/FeatureFile/Admin.features/login.feature:32)
]]>
    </failure>
  </testcase> <!-- runScenario -->
  <testcase classname="io.cucumber.testng.AbstractTestNGCucumberTests" name="runScenario" time="4.534">
    <failure type="io.cucumber.testng.UndefinedStepException" message="The step &amp;apos;user is on the OrangeHRM login page&amp;apos; and 1 other step(s) are undefined.
You can implement these steps using the snippet(s) below:

@Given(&amp;quot;user is on the OrangeHRM login page&amp;quot;)
public void user_is_on_the_orange_hrm_login_page() {
    // Write code here that turns the phrase above into concrete actions
    throw new io.cucumber.java.PendingException();
}
@When(&amp;quot;user enters userName {string} and password {string}&amp;quot;)
public void user_enters_user_name_and_password(String string, String string2) {
    // Write code here that turns the phrase above into concrete actions
    throw new io.cucumber.java.PendingException();
}
">
      <![CDATA[io.cucumber.testng.UndefinedStepException: The step 'user is on the OrangeHRM login page' and 1 other step(s) are undefined.
You can implement these steps using the snippet(s) below:

@Given("user is on the OrangeHRM login page")
public void user_is_on_the_orange_hrm_login_page() {
    // Write code here that turns the phrase above into concrete actions
    throw new io.cucumber.java.PendingException();
}
@When("user enters userName {string} and password {string}")
public void user_enters_user_name_and_password(String string, String string2) {
    // Write code here that turns the phrase above into concrete actions
    throw new io.cucumber.java.PendingException();
}

at ✽.user is on the OrangeHRM login page(file:///C:/Users/ASUS/eclipse-workspace/Rose26A/src/test/resources/FeatureFile/Admin.features/login.feature:39)
]]>
    </failure>
  </testcase> <!-- runScenario -->
  <testcase classname="io.cucumber.testng.AbstractTestNGCucumberTests" name="runScenario" time="3.678">
    <failure type="io.cucumber.testng.UndefinedStepException" message="The step &amp;apos;user is on the OrangeHRM login page&amp;apos; and 1 other step(s) are undefined.
You can implement these steps using the snippet(s) below:

@Given(&amp;quot;user is on the OrangeHRM login page&amp;quot;)
public void user_is_on_the_orange_hrm_login_page() {
    // Write code here that turns the phrase above into concrete actions
    throw new io.cucumber.java.PendingException();
}
@When(&amp;quot;user enters userName {string} and password {string}&amp;quot;)
public void user_enters_user_name_and_password(String string, String string2) {
    // Write code here that turns the phrase above into concrete actions
    throw new io.cucumber.java.PendingException();
}
">
      <![CDATA[io.cucumber.testng.UndefinedStepException: The step 'user is on the OrangeHRM login page' and 1 other step(s) are undefined.
You can implement these steps using the snippet(s) below:

@Given("user is on the OrangeHRM login page")
public void user_is_on_the_orange_hrm_login_page() {
    // Write code here that turns the phrase above into concrete actions
    throw new io.cucumber.java.PendingException();
}
@When("user enters userName {string} and password {string}")
public void user_enters_user_name_and_password(String string, String string2) {
    // Write code here that turns the phrase above into concrete actions
    throw new io.cucumber.java.PendingException();
}

at ✽.user is on the OrangeHRM login page(file:///C:/Users/ASUS/eclipse-workspace/Rose26A/src/test/resources/FeatureFile/Admin.features/login.feature:46)
]]>
    </failure>
  </testcase> <!-- runScenario -->
  <testcase classname="io.cucumber.testng.AbstractTestNGCucumberTests" name="runScenario" time="10.816">
    <failure type="io.cucumber.testng.UndefinedStepException" message="The step &amp;apos;user is on the OrangeHRM login page&amp;apos; is undefined.
You can implement this step using the snippet(s) below:

@Given(&amp;quot;user is on the OrangeHRM login page&amp;quot;)
public void user_is_on_the_orange_hrm_login_page() {
    // Write code here that turns the phrase above into concrete actions
    throw new io.cucumber.java.PendingException();
}
">
      <![CDATA[io.cucumber.testng.UndefinedStepException: The step 'user is on the OrangeHRM login page' is undefined.
You can implement this step using the snippet(s) below:

@Given("user is on the OrangeHRM login page")
public void user_is_on_the_orange_hrm_login_page() {
    // Write code here that turns the phrase above into concrete actions
    throw new io.cucumber.java.PendingException();
}

at ✽.user is on the OrangeHRM login page(file:///C:/Users/ASUS/eclipse-workspace/Rose26A/src/test/resources/FeatureFile/Admin.features/login.feature:53)
]]>
    </failure>
  </testcase> <!-- runScenario -->
  <testcase classname="io.cucumber.testng.AbstractTestNGCucumberTests" name="runScenario" time="5.612">
    <failure type="io.cucumber.testng.UndefinedStepException" message="The step &amp;apos;user is on the OrangeHRM login page&amp;apos; is undefined.
You can implement this step using the snippet(s) below:

@Given(&amp;quot;user is on the OrangeHRM login page&amp;quot;)
public void user_is_on_the_orange_hrm_login_page() {
    // Write code here that turns the phrase above into concrete actions
    throw new io.cucumber.java.PendingException();
}
">
      <![CDATA[io.cucumber.testng.UndefinedStepException: The step 'user is on the OrangeHRM login page' is undefined.
You can implement this step using the snippet(s) below:

@Given("user is on the OrangeHRM login page")
public void user_is_on_the_orange_hrm_login_page() {
    // Write code here that turns the phrase above into concrete actions
    throw new io.cucumber.java.PendingException();
}

at ✽.user is on the OrangeHRM login page(file:///C:/Users/ASUS/eclipse-workspace/Rose26A/src/test/resources/FeatureFile/Admin.features/login.feature:58)
]]>
    </failure>
  </testcase> <!-- runScenario -->
  <testcase classname="io.cucumber.testng.AbstractTestNGCucumberTests" name="runScenario" time="6.904"/>
  <testcase classname="io.cucumber.testng.AbstractTestNGCucumberTests" name="runScenario" time="5.882"/>
  <testcase classname="io.cucumber.testng.AbstractTestNGCucumberTests" name="runScenario" time="6.147"/>
  <testcase classname="io.cucumber.testng.AbstractTestNGCucumberTests" name="runScenario" time="38.741">
    <failure type="org.openqa.selenium.TimeoutException" message="[WaitFor] TIMEOUT — WebElement not visible.">
      <![CDATA[org.openqa.selenium.TimeoutException: [WaitFor] TIMEOUT — WebElement not visible.
at com.skillio.utils.WaitFor.elementToBeVisible(WaitFor.java:90)
at com.skillio.pages.LoginPage.enterUserName(LoginPage.java:33)
at com.skillio.pages.LoginPage.loginWithCredentials(LoginPage.java:50)
at com.skillio.stepdefinitions.PimSteps.userIsLoggedIntoOrangeHRMAs(PimSteps.java:23)
at ✽.user is logged into OrangeHRM as "Admin"(file:///C:/Users/ASUS/eclipse-workspace/Rose26A/src/test/resources/FeatureFile/Dashboard.features/Dashboard.feature:21)
Caused by: org.openqa.selenium.TimeoutException: Expected condition failed: waiting for visibility of Proxy element for: DefaultElementLocator 'By.name: username'
(tried for 30 seconds with 500 milliseconds interval)
at org.openqa.selenium.support.ui.WebDriverWait.timeoutException(WebDriverWait.java:84)
at org.openqa.selenium.support.ui.FluentWait.until(FluentWait.java:231)
at com.skillio.utils.WaitFor.elementToBeVisible(WaitFor.java:88)
... 4 more
Caused by: org.openqa.selenium.NoSuchElementException: no such element: Unable to locate element: {"method":"css selector","selector":"*[name='username']"}
  (Session info: chrome=147.0.7727.117)
For documentation on this error, please visit: https://www.selenium.dev/documentation/webdriver/troubleshooting/errors#nosuchelementexception
Build info: version: '4.40.0', revision: 'b3333f1'
System info: os.name: 'Windows 11', os.arch: 'amd64', os.version: '10.0', java.version: '21.0.9'
Driver info: org.openqa.selenium.chrome.ChromeDriver
Command: [42d8a89f72b2aa1bcc761c58f0df365c, findElement {using=name, value=username}]
Capabilities {acceptInsecureCerts: false, browserName: chrome, browserVersion: 147.0.7727.117, chrome: {chromedriverVersion: 147.0.7727.117 (474cc805edd..., userDataDir: C:\Users\ASUS\AppData\Local...}, fedcm:accounts: true, goog:chromeOptions: {debuggerAddress: localhost:53808}, goog:processID: 11812, networkConnectionEnabled: false, pageLoadStrategy: normal, platformName: windows, proxy: Proxy(), se:cdp: ws://localhost:53808/devtoo..., se:cdpVersion: 147.0.7727.117, setWindowRect: true, strictFileInteractability: false, timeouts: {implicit: 0, pageLoad: 300000, script: 30000}, unhandledPromptBehavior: dismiss and notify, webauthn:extension:credBlob: true, webauthn:extension:largeBlob: true, webauthn:extension:minPinLength: true, webauthn:extension:prf: true, webauthn:virtualAuthenticators: true}
Session ID: 42d8a89f72b2aa1bcc761c58f0df365c
at org.openqa.selenium.remote.ErrorCodec.decode(ErrorCodec.java:169)
at org.openqa.selenium.remote.codec.w3c.W3CHttpResponseCodec.decode(W3CHttpResponseCodec.java:142)
at org.openqa.selenium.remote.codec.w3c.W3CHttpResponseCodec.decode(W3CHttpResponseCodec.java:49)
at org.openqa.selenium.remote.HttpCommandExecutor.execute(HttpCommandExecutor.java:223)
at org.openqa.selenium.remote.service.DriverCommandExecutor.invokeExecute(DriverCommandExecutor.java:216)
at org.openqa.selenium.remote.service.DriverCommandExecutor.execute(DriverCommandExecutor.java:174)
at org.openqa.selenium.remote.RemoteWebDriver.execute(RemoteWebDriver.java:601)
at org.openqa.selenium.remote.ElementLocation$ElementFinder$2.findElement(ElementLocation.java:166)
at org.openqa.selenium.remote.ElementLocation.findElement(ElementLocation.java:60)
at org.openqa.selenium.remote.RemoteWebDriver.findElement(RemoteWebDriver.java:424)
at org.openqa.selenium.remote.RemoteWebDriver.findElement(RemoteWebDriver.java:418)
at org.openqa.selenium.support.pagefactory.DefaultElementLocator.findElement(DefaultElementLocator.java:68)
at org.openqa.selenium.support.pagefactory.internal.LocatingElementHandler.invoke(LocatingElementHandler.java:38)
at jdk.proxy2/jdk.proxy2.$Proxy24.isDisplayed(Unknown Source)
at org.openqa.selenium.support.ui.ExpectedConditions.elementIfVisible(ExpectedConditions.java:367)
at org.openqa.selenium.support.ui.ExpectedConditions$10.apply(ExpectedConditions.java:353)
at org.openqa.selenium.support.ui.ExpectedConditions$10.apply(ExpectedConditions.java:350)
at org.openqa.selenium.support.ui.FluentWait.until(FluentWait.java:207)
... 5 more
]]>
    </failure>
  </testcase> <!-- runScenario -->
  <testcase classname="io.cucumber.testng.AbstractTestNGCucumberTests" name="runScenario" time="41.054">
    <failure type="org.openqa.selenium.TimeoutException" message="[WaitFor] TIMEOUT — WebElement not visible.">
      <![CDATA[org.openqa.selenium.TimeoutException: [WaitFor] TIMEOUT — WebElement not visible.
at com.skillio.utils.WaitFor.elementToBeVisible(WaitFor.java:90)
at com.skillio.pages.LoginPage.enterUserName(LoginPage.java:33)
at com.skillio.pages.LoginPage.loginWithCredentials(LoginPage.java:50)
at com.skillio.stepdefinitions.PimSteps.userIsLoggedIntoOrangeHRMAs(PimSteps.java:23)
at ✽.user is logged into OrangeHRM as "Admin"(file:///C:/Users/ASUS/eclipse-workspace/Rose26A/src/test/resources/FeatureFile/Dashboard.features/Dashboard.feature:27)
Caused by: org.openqa.selenium.TimeoutException: Expected condition failed: waiting for visibility of Proxy element for: DefaultElementLocator 'By.name: username'
(tried for 30 seconds with 500 milliseconds interval)
at org.openqa.selenium.support.ui.WebDriverWait.timeoutException(WebDriverWait.java:84)
at org.openqa.selenium.support.ui.FluentWait.until(FluentWait.java:231)
at com.skillio.utils.WaitFor.elementToBeVisible(WaitFor.java:88)
... 4 more
Caused by: org.openqa.selenium.NoSuchElementException: no such element: Unable to locate element: {"method":"css selector","selector":"*[name='username']"}
  (Session info: chrome=147.0.7727.117)
For documentation on this error, please visit: https://www.selenium.dev/documentation/webdriver/troubleshooting/errors#nosuchelementexception
Build info: version: '4.40.0', revision: 'b3333f1'
System info: os.name: 'Windows 11', os.arch: 'amd64', os.version: '10.0', java.version: '21.0.9'
Driver info: org.openqa.selenium.chrome.ChromeDriver
Command: [07fdd29f3793b29ace7ea8e53deae394, findElement {using=name, value=username}]
Capabilities {acceptInsecureCerts: false, browserName: chrome, browserVersion: 147.0.7727.117, chrome: {chromedriverVersion: 147.0.7727.117 (474cc805edd..., userDataDir: C:\Users\ASUS\AppData\Local...}, fedcm:accounts: true, goog:chromeOptions: {debuggerAddress: localhost:50027}, goog:processID: 24544, networkConnectionEnabled: false, pageLoadStrategy: normal, platformName: windows, proxy: Proxy(), se:cdp: ws://localhost:50027/devtoo..., se:cdpVersion: 147.0.7727.117, setWindowRect: true, strictFileInteractability: false, timeouts: {implicit: 0, pageLoad: 300000, script: 30000}, unhandledPromptBehavior: dismiss and notify, webauthn:extension:credBlob: true, webauthn:extension:largeBlob: true, webauthn:extension:minPinLength: true, webauthn:extension:prf: true, webauthn:virtualAuthenticators: true}
Session ID: 07fdd29f3793b29ace7ea8e53deae394
at org.openqa.selenium.remote.ErrorCodec.decode(ErrorCodec.java:169)
at org.openqa.selenium.remote.codec.w3c.W3CHttpResponseCodec.decode(W3CHttpResponseCodec.java:142)
at org.openqa.selenium.remote.codec.w3c.W3CHttpResponseCodec.decode(W3CHttpResponseCodec.java:49)
at org.openqa.selenium.remote.HttpCommandExecutor.execute(HttpCommandExecutor.java:223)
at org.openqa.selenium.remote.service.DriverCommandExecutor.invokeExecute(DriverCommandExecutor.java:216)
at org.openqa.selenium.remote.service.DriverCommandExecutor.execute(DriverCommandExecutor.java:174)
at org.openqa.selenium.remote.RemoteWebDriver.execute(RemoteWebDriver.java:601)
at org.openqa.selenium.remote.ElementLocation$ElementFinder$2.findElement(ElementLocation.java:166)
at org.openqa.selenium.remote.ElementLocation.findElement(ElementLocation.java:60)
at org.openqa.selenium.remote.RemoteWebDriver.findElement(RemoteWebDriver.java:424)
at org.openqa.selenium.remote.RemoteWebDriver.findElement(RemoteWebDriver.java:418)
at org.openqa.selenium.support.pagefactory.DefaultElementLocator.findElement(DefaultElementLocator.java:68)
at org.openqa.selenium.support.pagefactory.internal.LocatingElementHandler.invoke(LocatingElementHandler.java:38)
at jdk.proxy2/jdk.proxy2.$Proxy24.isDisplayed(Unknown Source)
at org.openqa.selenium.support.ui.ExpectedConditions.elementIfVisible(ExpectedConditions.java:367)
at org.openqa.selenium.support.ui.ExpectedConditions$10.apply(ExpectedConditions.java:353)
at org.openqa.selenium.support.ui.ExpectedConditions$10.apply(ExpectedConditions.java:350)
at org.openqa.selenium.support.ui.FluentWait.until(FluentWait.java:207)
... 5 more
]]>
    </failure>
  </testcase> <!-- runScenario -->
  <testcase classname="io.cucumber.testng.AbstractTestNGCucumberTests" name="runScenario" time="11.346">
    <failure type="org.openqa.selenium.StaleElementReferenceException" message="stale element reference: stale element not found in the current frame
  (Session info: chrome=147.0.7727.117)
For documentation on this error, please visit: https://www.selenium.dev/documentation/webdriver/troubleshooting/errors#staleelementreferenceexception
Build info: version: &amp;apos;4.40.0&amp;apos;, revision: &amp;apos;b3333f1&amp;apos;
System info: os.name: &amp;apos;Windows 11&amp;apos;, os.arch: &amp;apos;amd64&amp;apos;, os.version: &amp;apos;10.0&amp;apos;, java.version: &amp;apos;21.0.9&amp;apos;
Driver info: org.openqa.selenium.chrome.ChromeDriver
Command: [eb9be1f822cd5bcaeb6508cef447c301, clickElement {id=f.E3DB626E2CA2D3F97995D085483A15F9.d.CC863B5BC12EB1E46709C7E3D859895A.e.108}]
Capabilities {acceptInsecureCerts: false, browserName: chrome, browserVersion: 147.0.7727.117, chrome: {chromedriverVersion: 147.0.7727.117 (474cc805edd..., userDataDir: C:\Users\ASUS\AppData\Local...}, fedcm:accounts: true, goog:chromeOptions: {debuggerAddress: localhost:50936}, goog:processID: 26000, networkConnectionEnabled: false, pageLoadStrategy: normal, platformName: windows, proxy: Proxy(), se:cdp: ws://localhost:50936/devtoo..., se:cdpVersion: 147.0.7727.117, setWindowRect: true, strictFileInteractability: false, timeouts: {implicit: 0, pageLoad: 300000, script: 30000}, unhandledPromptBehavior: dismiss and notify, webauthn:extension:credBlob: true, webauthn:extension:largeBlob: true, webauthn:extension:minPinLength: true, webauthn:extension:prf: true, webauthn:virtualAuthenticators: true}
Element: [[ChromeDriver: chrome on windows (eb9be1f822cd5bcaeb6508cef447c301)] -&amp;gt; xpath: //button[@type=&amp;apos;submit&amp;apos;]]
Session ID: eb9be1f822cd5bcaeb6508cef447c301">
      <![CDATA[org.openqa.selenium.StaleElementReferenceException: stale element reference: stale element not found in the current frame
  (Session info: chrome=147.0.7727.117)
For documentation on this error, please visit: https://www.selenium.dev/documentation/webdriver/troubleshooting/errors#staleelementreferenceexception
Build info: version: '4.40.0', revision: 'b3333f1'
System info: os.name: 'Windows 11', os.arch: 'amd64', os.version: '10.0', java.version: '21.0.9'
Driver info: org.openqa.selenium.chrome.ChromeDriver
Command: [eb9be1f822cd5bcaeb6508cef447c301, clickElement {id=f.E3DB626E2CA2D3F97995D085483A15F9.d.CC863B5BC12EB1E46709C7E3D859895A.e.108}]
Capabilities {acceptInsecureCerts: false, browserName: chrome, browserVersion: 147.0.7727.117, chrome: {chromedriverVersion: 147.0.7727.117 (474cc805edd..., userDataDir: C:\Users\ASUS\AppData\Local...}, fedcm:accounts: true, goog:chromeOptions: {debuggerAddress: localhost:50936}, goog:processID: 26000, networkConnectionEnabled: false, pageLoadStrategy: normal, platformName: windows, proxy: Proxy(), se:cdp: ws://localhost:50936/devtoo..., se:cdpVersion: 147.0.7727.117, setWindowRect: true, strictFileInteractability: false, timeouts: {implicit: 0, pageLoad: 300000, script: 30000}, unhandledPromptBehavior: dismiss and notify, webauthn:extension:credBlob: true, webauthn:extension:largeBlob: true, webauthn:extension:minPinLength: true, webauthn:extension:prf: true, webauthn:virtualAuthenticators: true}
Element: [[ChromeDriver: chrome on windows (eb9be1f822cd5bcaeb6508cef447c301)] -> xpath: //button[@type='submit']]
Session ID: eb9be1f822cd5bcaeb6508cef447c301
at org.openqa.selenium.remote.ErrorCodec.decode(ErrorCodec.java:169)
at org.openqa.selenium.remote.codec.w3c.W3CHttpResponseCodec.decode(W3CHttpResponseCodec.java:142)
at org.openqa.selenium.remote.codec.w3c.W3CHttpResponseCodec.decode(W3CHttpResponseCodec.java:49)
at org.openqa.selenium.remote.HttpCommandExecutor.execute(HttpCommandExecutor.java:223)
at org.openqa.selenium.remote.service.DriverCommandExecutor.invokeExecute(DriverCommandExecutor.java:216)
at org.openqa.selenium.remote.service.DriverCommandExecutor.execute(DriverCommandExecutor.java:174)
at org.openqa.selenium.remote.RemoteWebDriver.execute(RemoteWebDriver.java:601)
at org.openqa.selenium.remote.RemoteWebElement.execute(RemoteWebElement.java:223)
at org.openqa.selenium.remote.RemoteWebElement.click(RemoteWebElement.java:76)
at java.base/jdk.internal.reflect.DirectMethodHandleAccessor.invoke(DirectMethodHandleAccessor.java:103)
at java.base/java.lang.reflect.Method.invoke(Method.java:580)
at org.openqa.selenium.support.pagefactory.internal.LocatingElementHandler.invoke(LocatingElementHandler.java:51)
at jdk.proxy2/jdk.proxy2.$Proxy24.click(Unknown Source)
at com.skillio.pages.LeavePage.clickApplyButton(LeavePage.java:234)
at com.skillio.stepdefinitions.LeaveSteps.userClicksApplyButton(LeaveSteps.java:49)
at ✽.user clicks Apply button(file:///C:/Users/ASUS/eclipse-workspace/Rose26A/src/test/resources/FeatureFile/Leave.Feature/Leave.feature:11)
]]>
    </failure>
  </testcase> <!-- runScenario -->
  <testcase classname="io.cucumber.testng.AbstractTestNGCucumberTests" name="runScenario" time="9.343">
    <failure type="org.openqa.selenium.StaleElementReferenceException" message="stale element reference: stale element not found in the current frame
  (Session info: chrome=147.0.7727.117)
For documentation on this error, please visit: https://www.selenium.dev/documentation/webdriver/troubleshooting/errors#staleelementreferenceexception
Build info: version: &amp;apos;4.40.0&amp;apos;, revision: &amp;apos;b3333f1&amp;apos;
System info: os.name: &amp;apos;Windows 11&amp;apos;, os.arch: &amp;apos;amd64&amp;apos;, os.version: &amp;apos;10.0&amp;apos;, java.version: &amp;apos;21.0.9&amp;apos;
Driver info: org.openqa.selenium.chrome.ChromeDriver
Command: [be45027656699e41b6097f9f3a22caf1, clickElement {id=f.F45E1311259AEB1383BFD38A9DFF5C14.d.F639391A95056AF322EF1FA44C39E4A8.e.110}]
Capabilities {acceptInsecureCerts: false, browserName: chrome, browserVersion: 147.0.7727.117, chrome: {chromedriverVersion: 147.0.7727.117 (474cc805edd..., userDataDir: C:\Users\ASUS\AppData\Local...}, fedcm:accounts: true, goog:chromeOptions: {debuggerAddress: localhost:50657}, goog:processID: 23752, networkConnectionEnabled: false, pageLoadStrategy: normal, platformName: windows, proxy: Proxy(), se:cdp: ws://localhost:50657/devtoo..., se:cdpVersion: 147.0.7727.117, setWindowRect: true, strictFileInteractability: false, timeouts: {implicit: 0, pageLoad: 300000, script: 30000}, unhandledPromptBehavior: dismiss and notify, webauthn:extension:credBlob: true, webauthn:extension:largeBlob: true, webauthn:extension:minPinLength: true, webauthn:extension:prf: true, webauthn:virtualAuthenticators: true}
Element: [[ChromeDriver: chrome on windows (be45027656699e41b6097f9f3a22caf1)] -&amp;gt; xpath: //button[@type=&amp;apos;submit&amp;apos;]]
Session ID: be45027656699e41b6097f9f3a22caf1">
      <![CDATA[org.openqa.selenium.StaleElementReferenceException: stale element reference: stale element not found in the current frame
  (Session info: chrome=147.0.7727.117)
For documentation on this error, please visit: https://www.selenium.dev/documentation/webdriver/troubleshooting/errors#staleelementreferenceexception
Build info: version: '4.40.0', revision: 'b3333f1'
System info: os.name: 'Windows 11', os.arch: 'amd64', os.version: '10.0', java.version: '21.0.9'
Driver info: org.openqa.selenium.chrome.ChromeDriver
Command: [be45027656699e41b6097f9f3a22caf1, clickElement {id=f.F45E1311259AEB1383BFD38A9DFF5C14.d.F639391A95056AF322EF1FA44C39E4A8.e.110}]
Capabilities {acceptInsecureCerts: false, browserName: chrome, browserVersion: 147.0.7727.117, chrome: {chromedriverVersion: 147.0.7727.117 (474cc805edd..., userDataDir: C:\Users\ASUS\AppData\Local...}, fedcm:accounts: true, goog:chromeOptions: {debuggerAddress: localhost:50657}, goog:processID: 23752, networkConnectionEnabled: false, pageLoadStrategy: normal, platformName: windows, proxy: Proxy(), se:cdp: ws://localhost:50657/devtoo..., se:cdpVersion: 147.0.7727.117, setWindowRect: true, strictFileInteractability: false, timeouts: {implicit: 0, pageLoad: 300000, script: 30000}, unhandledPromptBehavior: dismiss and notify, webauthn:extension:credBlob: true, webauthn:extension:largeBlob: true, webauthn:extension:minPinLength: true, webauthn:extension:prf: true, webauthn:virtualAuthenticators: true}
Element: [[ChromeDriver: chrome on windows (be45027656699e41b6097f9f3a22caf1)] -> xpath: //button[@type='submit']]
Session ID: be45027656699e41b6097f9f3a22caf1
at org.openqa.selenium.remote.ErrorCodec.decode(ErrorCodec.java:169)
at org.openqa.selenium.remote.codec.w3c.W3CHttpResponseCodec.decode(W3CHttpResponseCodec.java:142)
at org.openqa.selenium.remote.codec.w3c.W3CHttpResponseCodec.decode(W3CHttpResponseCodec.java:49)
at org.openqa.selenium.remote.HttpCommandExecutor.execute(HttpCommandExecutor.java:223)
at org.openqa.selenium.remote.service.DriverCommandExecutor.invokeExecute(DriverCommandExecutor.java:216)
at org.openqa.selenium.remote.service.DriverCommandExecutor.execute(DriverCommandExecutor.java:174)
at org.openqa.selenium.remote.RemoteWebDriver.execute(RemoteWebDriver.java:601)
at org.openqa.selenium.remote.RemoteWebElement.execute(RemoteWebElement.java:223)
at org.openqa.selenium.remote.RemoteWebElement.click(RemoteWebElement.java:76)
at java.base/jdk.internal.reflect.DirectMethodHandleAccessor.invoke(DirectMethodHandleAccessor.java:103)
at java.base/java.lang.reflect.Method.invoke(Method.java:580)
at org.openqa.selenium.support.pagefactory.internal.LocatingElementHandler.invoke(LocatingElementHandler.java:51)
at jdk.proxy2/jdk.proxy2.$Proxy24.click(Unknown Source)
at com.skillio.pages.LeavePage.clickApplyButton(LeavePage.java:234)
at com.skillio.stepdefinitions.LeaveSteps.userClicksApplyButton(LeaveSteps.java:49)
at ✽.user clicks Apply button(file:///C:/Users/ASUS/eclipse-workspace/Rose26A/src/test/resources/FeatureFile/Leave.Feature/Leave.feature:21)
]]>
    </failure>
  </testcase> <!-- runScenario -->
  <testcase classname="io.cucumber.testng.AbstractTestNGCucumberTests" name="runScenario" time="40.629">
    <failure type="org.openqa.selenium.TimeoutException" message="[WaitFor] TIMEOUT — WebElement not clickable.">
      <![CDATA[org.openqa.selenium.TimeoutException: [WaitFor] TIMEOUT — WebElement not clickable.
at com.skillio.utils.WaitFor.elementToBeClickable(WaitFor.java:99)
at com.skillio.pages.LeavePage.clickApprove(LeavePage.java:95)
at com.skillio.stepdefinitions.LeaveSteps.userClicksApproveButton(LeaveSteps.java:69)
at ✽.user clicks Approve button(file:///C:/Users/ASUS/eclipse-workspace/Rose26A/src/test/resources/FeatureFile/Leave.Feature/Leave.feature:31)
Caused by: org.openqa.selenium.TimeoutException: Expected condition failed: waiting for element to be clickable, but the element was not found: org.openqa.selenium.NoSuchElementException: no such element: Unable to locate element: {"method":"xpath","selector":"//button[normalize-space()='Approve']"}.
(tried for 30 seconds with 500 milliseconds interval)
Build info: version: '4.40.0', revision: 'b3333f1'
System info: os.name: 'Windows 11', os.arch: 'amd64', os.version: '10.0', java.version: '21.0.9'
Driver info: org.openqa.selenium.chrome.ChromeDriver
Capabilities {acceptInsecureCerts: false, browserName: chrome, browserVersion: 147.0.7727.117, chrome: {chromedriverVersion: 147.0.7727.117 (474cc805edd..., userDataDir: C:\Users\ASUS\AppData\Local...}, fedcm:accounts: true, goog:chromeOptions: {debuggerAddress: localhost:59793}, goog:processID: 19400, networkConnectionEnabled: false, pageLoadStrategy: normal, platformName: windows, proxy: Proxy(), se:cdp: ws://localhost:59793/devtoo..., se:cdpVersion: 147.0.7727.117, setWindowRect: true, strictFileInteractability: false, timeouts: {implicit: 0, pageLoad: 300000, script: 30000}, unhandledPromptBehavior: dismiss and notify, webauthn:extension:credBlob: true, webauthn:extension:largeBlob: true, webauthn:extension:minPinLength: true, webauthn:extension:prf: true, webauthn:virtualAuthenticators: true}
Session ID: ebacab85cbf832b2d7b6646d13c85da1
at org.openqa.selenium.support.ui.WebDriverWait.timeoutException(WebDriverWait.java:84)
at org.openqa.selenium.support.ui.FluentWait.until(FluentWait.java:231)
at com.skillio.utils.WaitFor.elementToBeClickable(WaitFor.java:97)
... 3 more
]]>
    </failure>
  </testcase> <!-- runScenario -->
  <testcase classname="io.cucumber.testng.AbstractTestNGCucumberTests" name="runScenario" time="41.335">
    <failure type="org.openqa.selenium.TimeoutException" message="[WaitFor] TIMEOUT — WebElement not clickable.">
      <![CDATA[org.openqa.selenium.TimeoutException: [WaitFor] TIMEOUT — WebElement not clickable.
at com.skillio.utils.WaitFor.elementToBeClickable(WaitFor.java:99)
at com.skillio.pages.LeavePage.clickReject(LeavePage.java:100)
at com.skillio.stepdefinitions.LeaveSteps.userClicksRejectButton(LeaveSteps.java:74)
at ✽.user clicks Reject button(file:///C:/Users/ASUS/eclipse-workspace/Rose26A/src/test/resources/FeatureFile/Leave.Feature/Leave.feature:41)
Caused by: org.openqa.selenium.TimeoutException: Expected condition failed: waiting for element to be clickable, but the element was not found: org.openqa.selenium.NoSuchElementException: no such element: Unable to locate element: {"method":"xpath","selector":"//button[normalize-space()='Reject']"}.
(tried for 30 seconds with 500 milliseconds interval)
Build info: version: '4.40.0', revision: 'b3333f1'
System info: os.name: 'Windows 11', os.arch: 'amd64', os.version: '10.0', java.version: '21.0.9'
Driver info: org.openqa.selenium.chrome.ChromeDriver
Capabilities {acceptInsecureCerts: false, browserName: chrome, browserVersion: 147.0.7727.117, chrome: {chromedriverVersion: 147.0.7727.117 (474cc805edd..., userDataDir: C:\Users\ASUS\AppData\Local...}, fedcm:accounts: true, goog:chromeOptions: {debuggerAddress: localhost:61546}, goog:processID: 21596, networkConnectionEnabled: false, pageLoadStrategy: normal, platformName: windows, proxy: Proxy(), se:cdp: ws://localhost:61546/devtoo..., se:cdpVersion: 147.0.7727.117, setWindowRect: true, strictFileInteractability: false, timeouts: {implicit: 0, pageLoad: 300000, script: 30000}, unhandledPromptBehavior: dismiss and notify, webauthn:extension:credBlob: true, webauthn:extension:largeBlob: true, webauthn:extension:minPinLength: true, webauthn:extension:prf: true, webauthn:virtualAuthenticators: true}
Session ID: fdb129817cba35e322110f777bc09033
at org.openqa.selenium.support.ui.WebDriverWait.timeoutException(WebDriverWait.java:84)
at org.openqa.selenium.support.ui.FluentWait.until(FluentWait.java:231)
at com.skillio.utils.WaitFor.elementToBeClickable(WaitFor.java:97)
... 3 more
]]>
    </failure>
  </testcase> <!-- runScenario -->
  <testcase classname="io.cucumber.testng.AbstractTestNGCucumberTests" name="runScenario" time="9.632">
    <failure type="org.openqa.selenium.StaleElementReferenceException" message="stale element reference: stale element not found in the current frame
  (Session info: chrome=147.0.7727.117)
For documentation on this error, please visit: https://www.selenium.dev/documentation/webdriver/troubleshooting/errors#staleelementreferenceexception
Build info: version: &amp;apos;4.40.0&amp;apos;, revision: &amp;apos;b3333f1&amp;apos;
System info: os.name: &amp;apos;Windows 11&amp;apos;, os.arch: &amp;apos;amd64&amp;apos;, os.version: &amp;apos;10.0&amp;apos;, java.version: &amp;apos;21.0.9&amp;apos;
Driver info: org.openqa.selenium.chrome.ChromeDriver
Command: [6c79887d6d02480c275d47c0a277dcb3, clickElement {id=f.EB19EAF06CC487A7F0147B01319BE278.d.4A9550FB3EECB27788882FEFBC7E969E.e.108}]
Capabilities {acceptInsecureCerts: false, browserName: chrome, browserVersion: 147.0.7727.117, chrome: {chromedriverVersion: 147.0.7727.117 (474cc805edd..., userDataDir: C:\Users\ASUS\AppData\Local...}, fedcm:accounts: true, goog:chromeOptions: {debuggerAddress: localhost:55858}, goog:processID: 24316, networkConnectionEnabled: false, pageLoadStrategy: normal, platformName: windows, proxy: Proxy(), se:cdp: ws://localhost:55858/devtoo..., se:cdpVersion: 147.0.7727.117, setWindowRect: true, strictFileInteractability: false, timeouts: {implicit: 0, pageLoad: 300000, script: 30000}, unhandledPromptBehavior: dismiss and notify, webauthn:extension:credBlob: true, webauthn:extension:largeBlob: true, webauthn:extension:minPinLength: true, webauthn:extension:prf: true, webauthn:virtualAuthenticators: true}
Element: [[ChromeDriver: chrome on windows (6c79887d6d02480c275d47c0a277dcb3)] -&amp;gt; xpath: //button[@type=&amp;apos;submit&amp;apos;]]
Session ID: 6c79887d6d02480c275d47c0a277dcb3">
      <![CDATA[org.openqa.selenium.StaleElementReferenceException: stale element reference: stale element not found in the current frame
  (Session info: chrome=147.0.7727.117)
For documentation on this error, please visit: https://www.selenium.dev/documentation/webdriver/troubleshooting/errors#staleelementreferenceexception
Build info: version: '4.40.0', revision: 'b3333f1'
System info: os.name: 'Windows 11', os.arch: 'amd64', os.version: '10.0', java.version: '21.0.9'
Driver info: org.openqa.selenium.chrome.ChromeDriver
Command: [6c79887d6d02480c275d47c0a277dcb3, clickElement {id=f.EB19EAF06CC487A7F0147B01319BE278.d.4A9550FB3EECB27788882FEFBC7E969E.e.108}]
Capabilities {acceptInsecureCerts: false, browserName: chrome, browserVersion: 147.0.7727.117, chrome: {chromedriverVersion: 147.0.7727.117 (474cc805edd..., userDataDir: C:\Users\ASUS\AppData\Local...}, fedcm:accounts: true, goog:chromeOptions: {debuggerAddress: localhost:55858}, goog:processID: 24316, networkConnectionEnabled: false, pageLoadStrategy: normal, platformName: windows, proxy: Proxy(), se:cdp: ws://localhost:55858/devtoo..., se:cdpVersion: 147.0.7727.117, setWindowRect: true, strictFileInteractability: false, timeouts: {implicit: 0, pageLoad: 300000, script: 30000}, unhandledPromptBehavior: dismiss and notify, webauthn:extension:credBlob: true, webauthn:extension:largeBlob: true, webauthn:extension:minPinLength: true, webauthn:extension:prf: true, webauthn:virtualAuthenticators: true}
Element: [[ChromeDriver: chrome on windows (6c79887d6d02480c275d47c0a277dcb3)] -> xpath: //button[@type='submit']]
Session ID: 6c79887d6d02480c275d47c0a277dcb3
at org.openqa.selenium.remote.ErrorCodec.decode(ErrorCodec.java:169)
at org.openqa.selenium.remote.codec.w3c.W3CHttpResponseCodec.decode(W3CHttpResponseCodec.java:142)
at org.openqa.selenium.remote.codec.w3c.W3CHttpResponseCodec.decode(W3CHttpResponseCodec.java:49)
at org.openqa.selenium.remote.HttpCommandExecutor.execute(HttpCommandExecutor.java:223)
at org.openqa.selenium.remote.service.DriverCommandExecutor.invokeExecute(DriverCommandExecutor.java:216)
at org.openqa.selenium.remote.service.DriverCommandExecutor.execute(DriverCommandExecutor.java:174)
at org.openqa.selenium.remote.RemoteWebDriver.execute(RemoteWebDriver.java:601)
at org.openqa.selenium.remote.RemoteWebElement.execute(RemoteWebElement.java:223)
at org.openqa.selenium.remote.RemoteWebElement.click(RemoteWebElement.java:76)
at java.base/jdk.internal.reflect.DirectMethodHandleAccessor.invoke(DirectMethodHandleAccessor.java:103)
at java.base/java.lang.reflect.Method.invoke(Method.java:580)
at org.openqa.selenium.support.pagefactory.internal.LocatingElementHandler.invoke(LocatingElementHandler.java:51)
at jdk.proxy2/jdk.proxy2.$Proxy24.click(Unknown Source)
at com.skillio.pages.LeavePage.clickApplyButton(LeavePage.java:234)
at com.skillio.stepdefinitions.LeaveSteps.userClicksApplyButton(LeaveSteps.java:49)
at ✽.user clicks Apply button(file:///C:/Users/ASUS/eclipse-workspace/Rose26A/src/test/resources/FeatureFile/Leave.Feature/Leave.feature:51)
]]>
    </failure>
  </testcase> <!-- runScenario -->
  <testcase classname="io.cucumber.testng.AbstractTestNGCucumberTests" name="runScenario" time="10.193">
    <failure type="org.openqa.selenium.StaleElementReferenceException" message="stale element reference: stale element not found in the current frame
  (Session info: chrome=147.0.7727.117)
For documentation on this error, please visit: https://www.selenium.dev/documentation/webdriver/troubleshooting/errors#staleelementreferenceexception
Build info: version: &amp;apos;4.40.0&amp;apos;, revision: &amp;apos;b3333f1&amp;apos;
System info: os.name: &amp;apos;Windows 11&amp;apos;, os.arch: &amp;apos;amd64&amp;apos;, os.version: &amp;apos;10.0&amp;apos;, java.version: &amp;apos;21.0.9&amp;apos;
Driver info: org.openqa.selenium.chrome.ChromeDriver
Command: [5dcd922048d66b9ce1a313847f24c3f2, clickElement {id=f.E7CE29F05B99A024D0EBDDE1BF03B326.d.3B222A0F2C54802DB04F5C04280AB5E2.e.108}]
Capabilities {acceptInsecureCerts: false, browserName: chrome, browserVersion: 147.0.7727.117, chrome: {chromedriverVersion: 147.0.7727.117 (474cc805edd..., userDataDir: C:\Users\ASUS\AppData\Local...}, fedcm:accounts: true, goog:chromeOptions: {debuggerAddress: localhost:59702}, goog:processID: 25732, networkConnectionEnabled: false, pageLoadStrategy: normal, platformName: windows, proxy: Proxy(), se:cdp: ws://localhost:59702/devtoo..., se:cdpVersion: 147.0.7727.117, setWindowRect: true, strictFileInteractability: false, timeouts: {implicit: 0, pageLoad: 300000, script: 30000}, unhandledPromptBehavior: dismiss and notify, webauthn:extension:credBlob: true, webauthn:extension:largeBlob: true, webauthn:extension:minPinLength: true, webauthn:extension:prf: true, webauthn:virtualAuthenticators: true}
Element: [[ChromeDriver: chrome on windows (5dcd922048d66b9ce1a313847f24c3f2)] -&amp;gt; xpath: //button[@type=&amp;apos;submit&amp;apos;]]
Session ID: 5dcd922048d66b9ce1a313847f24c3f2">
      <![CDATA[org.openqa.selenium.StaleElementReferenceException: stale element reference: stale element not found in the current frame
  (Session info: chrome=147.0.7727.117)
For documentation on this error, please visit: https://www.selenium.dev/documentation/webdriver/troubleshooting/errors#staleelementreferenceexception
Build info: version: '4.40.0', revision: 'b3333f1'
System info: os.name: 'Windows 11', os.arch: 'amd64', os.version: '10.0', java.version: '21.0.9'
Driver info: org.openqa.selenium.chrome.ChromeDriver
Command: [5dcd922048d66b9ce1a313847f24c3f2, clickElement {id=f.E7CE29F05B99A024D0EBDDE1BF03B326.d.3B222A0F2C54802DB04F5C04280AB5E2.e.108}]
Capabilities {acceptInsecureCerts: false, browserName: chrome, browserVersion: 147.0.7727.117, chrome: {chromedriverVersion: 147.0.7727.117 (474cc805edd..., userDataDir: C:\Users\ASUS\AppData\Local...}, fedcm:accounts: true, goog:chromeOptions: {debuggerAddress: localhost:59702}, goog:processID: 25732, networkConnectionEnabled: false, pageLoadStrategy: normal, platformName: windows, proxy: Proxy(), se:cdp: ws://localhost:59702/devtoo..., se:cdpVersion: 147.0.7727.117, setWindowRect: true, strictFileInteractability: false, timeouts: {implicit: 0, pageLoad: 300000, script: 30000}, unhandledPromptBehavior: dismiss and notify, webauthn:extension:credBlob: true, webauthn:extension:largeBlob: true, webauthn:extension:minPinLength: true, webauthn:extension:prf: true, webauthn:virtualAuthenticators: true}
Element: [[ChromeDriver: chrome on windows (5dcd922048d66b9ce1a313847f24c3f2)] -> xpath: //button[@type='submit']]
Session ID: 5dcd922048d66b9ce1a313847f24c3f2
at org.openqa.selenium.remote.ErrorCodec.decode(ErrorCodec.java:169)
at org.openqa.selenium.remote.codec.w3c.W3CHttpResponseCodec.decode(W3CHttpResponseCodec.java:142)
at org.openqa.selenium.remote.codec.w3c.W3CHttpResponseCodec.decode(W3CHttpResponseCodec.java:49)
at org.openqa.selenium.remote.HttpCommandExecutor.execute(HttpCommandExecutor.java:223)
at org.openqa.selenium.remote.service.DriverCommandExecutor.invokeExecute(DriverCommandExecutor.java:216)
at org.openqa.selenium.remote.service.DriverCommandExecutor.execute(DriverCommandExecutor.java:174)
at org.openqa.selenium.remote.RemoteWebDriver.execute(RemoteWebDriver.java:601)
at org.openqa.selenium.remote.RemoteWebElement.execute(RemoteWebElement.java:223)
at org.openqa.selenium.remote.RemoteWebElement.click(RemoteWebElement.java:76)
at java.base/jdk.internal.reflect.DirectMethodHandleAccessor.invoke(DirectMethodHandleAccessor.java:103)
at java.base/java.lang.reflect.Method.invoke(Method.java:580)
at org.openqa.selenium.support.pagefactory.internal.LocatingElementHandler.invoke(LocatingElementHandler.java:51)
at jdk.proxy2/jdk.proxy2.$Proxy24.click(Unknown Source)
at com.skillio.pages.LeavePage.clickApplyButton(LeavePage.java:234)
at com.skillio.stepdefinitions.LeaveSteps.userClicksApplyButton(LeaveSteps.java:49)
at ✽.user clicks Apply button(file:///C:/Users/ASUS/eclipse-workspace/Rose26A/src/test/resources/FeatureFile/Leave.Feature/Leave_New.feature:11)
]]>
    </failure>
  </testcase> <!-- runScenario -->
  <testcase classname="io.cucumber.testng.AbstractTestNGCucumberTests" name="runScenario" time="9.791"/>
  <testcase classname="io.cucumber.testng.AbstractTestNGCucumberTests" name="runScenario" time="37.909">
    <failure type="org.openqa.selenium.TimeoutException" message="[WaitFor] TIMEOUT — NOT CLICKABLE: By.xpath: //a[normalize-space()=&amp;apos;Leave Calendar&amp;apos;]
  May be hidden, disabled, or overlapped.">
      <![CDATA[org.openqa.selenium.TimeoutException: [WaitFor] TIMEOUT — NOT CLICKABLE: By.xpath: //a[normalize-space()='Leave Calendar']
  May be hidden, disabled, or overlapped.
at com.skillio.utils.WaitFor.elementToBeClickable(WaitFor.java:63)
at com.skillio.pages.LeavePage.clickLeaveSubMenu(LeavePage.java:198)
at com.skillio.stepdefinitions.LeaveSteps.userClicksOption(LeaveSteps.java:28)
at ✽.user clicks "Leave Calendar" option(file:///C:/Users/ASUS/eclipse-workspace/Rose26A/src/test/resources/FeatureFile/Leave.Feature/Leave_New.feature:27)
Caused by: org.openqa.selenium.TimeoutException: Expected condition failed: waiting for element found by By.xpath: //a[normalize-space()='Leave Calendar'] to be clickable, but the element was not found: org.openqa.selenium.NoSuchElementException: no such element: Unable to locate element: {"method":"xpath","selector":"//a[normalize-space()='Leave Calendar']"}.
(tried for 30 seconds with 500 milliseconds interval)
Build info: version: '4.40.0', revision: 'b3333f1'
System info: os.name: 'Windows 11', os.arch: 'amd64', os.version: '10.0', java.version: '21.0.9'
Driver info: org.openqa.selenium.chrome.ChromeDriver
Capabilities {acceptInsecureCerts: false, browserName: chrome, browserVersion: 147.0.7727.117, chrome: {chromedriverVersion: 147.0.7727.117 (474cc805edd..., userDataDir: C:\Users\ASUS\AppData\Local...}, fedcm:accounts: true, goog:chromeOptions: {debuggerAddress: localhost:52263}, goog:processID: 25492, networkConnectionEnabled: false, pageLoadStrategy: normal, platformName: windows, proxy: Proxy(), se:cdp: ws://localhost:52263/devtoo..., se:cdpVersion: 147.0.7727.117, setWindowRect: true, strictFileInteractability: false, timeouts: {implicit: 0, pageLoad: 300000, script: 30000}, unhandledPromptBehavior: dismiss and notify, webauthn:extension:credBlob: true, webauthn:extension:largeBlob: true, webauthn:extension:minPinLength: true, webauthn:extension:prf: true, webauthn:virtualAuthenticators: true}
Session ID: 2d38d3b7a5e37d49dbc975f2c686d6cf
at org.openqa.selenium.support.ui.WebDriverWait.timeoutException(WebDriverWait.java:84)
at org.openqa.selenium.support.ui.FluentWait.until(FluentWait.java:231)
at com.skillio.utils.WaitFor.elementToBeClickable(WaitFor.java:61)
... 3 more
]]>
    </failure>
  </testcase> <!-- runScenario -->
  <testcase classname="io.cucumber.testng.AbstractTestNGCucumberTests" name="runScenario" time="11.249">
    <failure type="org.openqa.selenium.StaleElementReferenceException" message="stale element reference: stale element not found in the current frame
  (Session info: chrome=147.0.7727.117)
For documentation on this error, please visit: https://www.selenium.dev/documentation/webdriver/troubleshooting/errors#staleelementreferenceexception
Build info: version: &amp;apos;4.40.0&amp;apos;, revision: &amp;apos;b3333f1&amp;apos;
System info: os.name: &amp;apos;Windows 11&amp;apos;, os.arch: &amp;apos;amd64&amp;apos;, os.version: &amp;apos;10.0&amp;apos;, java.version: &amp;apos;21.0.9&amp;apos;
Driver info: org.openqa.selenium.chrome.ChromeDriver
Command: [0d60d405b0e9d9550bf1a2fe0a9a9b32, clickElement {id=f.27C418BE338BF39EEE8990EA67A14D38.d.0B7F0C2C4D29268011C0C8DCD3AEC499.e.111}]
Capabilities {acceptInsecureCerts: false, browserName: chrome, browserVersion: 147.0.7727.117, chrome: {chromedriverVersion: 147.0.7727.117 (474cc805edd..., userDataDir: C:\Users\ASUS\AppData\Local...}, fedcm:accounts: true, goog:chromeOptions: {debuggerAddress: localhost:51359}, goog:processID: 1920, networkConnectionEnabled: false, pageLoadStrategy: normal, platformName: windows, proxy: Proxy(), se:cdp: ws://localhost:51359/devtoo..., se:cdpVersion: 147.0.7727.117, setWindowRect: true, strictFileInteractability: false, timeouts: {implicit: 0, pageLoad: 300000, script: 30000}, unhandledPromptBehavior: dismiss and notify, webauthn:extension:credBlob: true, webauthn:extension:largeBlob: true, webauthn:extension:minPinLength: true, webauthn:extension:prf: true, webauthn:virtualAuthenticators: true}
Element: [[ChromeDriver: chrome on windows (0d60d405b0e9d9550bf1a2fe0a9a9b32)] -&amp;gt; xpath: //button[@type=&amp;apos;submit&amp;apos;]]
Session ID: 0d60d405b0e9d9550bf1a2fe0a9a9b32">
      <![CDATA[org.openqa.selenium.StaleElementReferenceException: stale element reference: stale element not found in the current frame
  (Session info: chrome=147.0.7727.117)
For documentation on this error, please visit: https://www.selenium.dev/documentation/webdriver/troubleshooting/errors#staleelementreferenceexception
Build info: version: '4.40.0', revision: 'b3333f1'
System info: os.name: 'Windows 11', os.arch: 'amd64', os.version: '10.0', java.version: '21.0.9'
Driver info: org.openqa.selenium.chrome.ChromeDriver
Command: [0d60d405b0e9d9550bf1a2fe0a9a9b32, clickElement {id=f.27C418BE338BF39EEE8990EA67A14D38.d.0B7F0C2C4D29268011C0C8DCD3AEC499.e.111}]
Capabilities {acceptInsecureCerts: false, browserName: chrome, browserVersion: 147.0.7727.117, chrome: {chromedriverVersion: 147.0.7727.117 (474cc805edd..., userDataDir: C:\Users\ASUS\AppData\Local...}, fedcm:accounts: true, goog:chromeOptions: {debuggerAddress: localhost:51359}, goog:processID: 1920, networkConnectionEnabled: false, pageLoadStrategy: normal, platformName: windows, proxy: Proxy(), se:cdp: ws://localhost:51359/devtoo..., se:cdpVersion: 147.0.7727.117, setWindowRect: true, strictFileInteractability: false, timeouts: {implicit: 0, pageLoad: 300000, script: 30000}, unhandledPromptBehavior: dismiss and notify, webauthn:extension:credBlob: true, webauthn:extension:largeBlob: true, webauthn:extension:minPinLength: true, webauthn:extension:prf: true, webauthn:virtualAuthenticators: true}
Element: [[ChromeDriver: chrome on windows (0d60d405b0e9d9550bf1a2fe0a9a9b32)] -> xpath: //button[@type='submit']]
Session ID: 0d60d405b0e9d9550bf1a2fe0a9a9b32
at org.openqa.selenium.remote.ErrorCodec.decode(ErrorCodec.java:169)
at org.openqa.selenium.remote.codec.w3c.W3CHttpResponseCodec.decode(W3CHttpResponseCodec.java:142)
at org.openqa.selenium.remote.codec.w3c.W3CHttpResponseCodec.decode(W3CHttpResponseCodec.java:49)
at org.openqa.selenium.remote.HttpCommandExecutor.execute(HttpCommandExecutor.java:223)
at org.openqa.selenium.remote.service.DriverCommandExecutor.invokeExecute(DriverCommandExecutor.java:216)
at org.openqa.selenium.remote.service.DriverCommandExecutor.execute(DriverCommandExecutor.java:174)
at org.openqa.selenium.remote.RemoteWebDriver.execute(RemoteWebDriver.java:601)
at org.openqa.selenium.remote.RemoteWebElement.execute(RemoteWebElement.java:223)
at org.openqa.selenium.remote.RemoteWebElement.click(RemoteWebElement.java:76)
at java.base/jdk.internal.reflect.DirectMethodHandleAccessor.invoke(DirectMethodHandleAccessor.java:103)
at java.base/java.lang.reflect.Method.invoke(Method.java:580)
at org.openqa.selenium.support.pagefactory.internal.LocatingElementHandler.invoke(LocatingElementHandler.java:51)
at jdk.proxy2/jdk.proxy2.$Proxy24.click(Unknown Source)
at com.skillio.pages.LeavePage.clickApplyButton(LeavePage.java:234)
at com.skillio.stepdefinitions.LeaveSteps.userClicksApplyButton(LeaveSteps.java:49)
at ✽.user clicks Apply button(file:///C:/Users/ASUS/eclipse-workspace/Rose26A/src/test/resources/FeatureFile/Leave.Feature/Leave_New.feature:38)
]]>
    </failure>
  </testcase> <!-- runScenario -->
  <testcase classname="io.cucumber.testng.AbstractTestNGCucumberTests" name="runScenario" time="39.207">
    <failure type="org.openqa.selenium.TimeoutException" message="[WaitFor] TIMEOUT — NOT CLICKABLE: By.xpath: //div[@class=&amp;apos;oxd-table-card&amp;apos;][.//div[normalize-space()=&amp;apos;Pending Approval&amp;apos;]]
  May be hidden, disabled, or overlapped.">
      <![CDATA[org.openqa.selenium.TimeoutException: [WaitFor] TIMEOUT — NOT CLICKABLE: By.xpath: //div[@class='oxd-table-card'][.//div[normalize-space()='Pending Approval']]
  May be hidden, disabled, or overlapped.
at com.skillio.utils.WaitFor.elementToBeClickable(WaitFor.java:63)
at com.skillio.pages.LeavePage.openLeaveRequestByStatus(LeavePage.java:261)
at com.skillio.stepdefinitions.LeaveSteps.userOpensLeaveRequestWithStatus(LeaveSteps.java:64)
at ✽.user opens a leave request with status "Pending Approval"(file:///C:/Users/ASUS/eclipse-workspace/Rose26A/src/test/resources/FeatureFile/Leave.Feature/Leave_New.feature:47)
Caused by: org.openqa.selenium.TimeoutException: Expected condition failed: waiting for element found by By.xpath: //div[@class='oxd-table-card'][.//div[normalize-space()='Pending Approval']] to be clickable, but the element was not found: org.openqa.selenium.NoSuchElementException: no such element: Unable to locate element: {"method":"xpath","selector":"//div[@class='oxd-table-card'][.//div[normalize-space()='Pending Approval']]"}.
(tried for 30 seconds with 500 milliseconds interval)
Build info: version: '4.40.0', revision: 'b3333f1'
System info: os.name: 'Windows 11', os.arch: 'amd64', os.version: '10.0', java.version: '21.0.9'
Driver info: org.openqa.selenium.chrome.ChromeDriver
Capabilities {acceptInsecureCerts: false, browserName: chrome, browserVersion: 147.0.7727.117, chrome: {chromedriverVersion: 147.0.7727.117 (474cc805edd..., userDataDir: C:\Users\ASUS\AppData\Local...}, fedcm:accounts: true, goog:chromeOptions: {debuggerAddress: localhost:53193}, goog:processID: 22336, networkConnectionEnabled: false, pageLoadStrategy: normal, platformName: windows, proxy: Proxy(), se:cdp: ws://localhost:53193/devtoo..., se:cdpVersion: 147.0.7727.117, setWindowRect: true, strictFileInteractability: false, timeouts: {implicit: 0, pageLoad: 300000, script: 30000}, unhandledPromptBehavior: dismiss and notify, webauthn:extension:credBlob: true, webauthn:extension:largeBlob: true, webauthn:extension:minPinLength: true, webauthn:extension:prf: true, webauthn:virtualAuthenticators: true}
Session ID: 057f784dfac3e88a5df3baa16eb7f080
at org.openqa.selenium.support.ui.WebDriverWait.timeoutException(WebDriverWait.java:84)
at org.openqa.selenium.support.ui.FluentWait.until(FluentWait.java:231)
at com.skillio.utils.WaitFor.elementToBeClickable(WaitFor.java:61)
... 3 more
]]>
    </failure>
  </testcase> <!-- runScenario -->
  <testcase classname="io.cucumber.testng.AbstractTestNGCucumberTests" name="runScenario" time="7.711">
    <failure type="io.cucumber.testng.UndefinedStepException" message="The step &amp;apos;user clicks on Personal Details tab&amp;apos; is undefined.
You can implement this step using the snippet(s) below:

@When(&amp;quot;user clicks on Personal Details tab&amp;quot;)
public void user_clicks_on_personal_details_tab() {
    // Write code here that turns the phrase above into concrete actions
    throw new io.cucumber.java.PendingException();
}
">
      <![CDATA[io.cucumber.testng.UndefinedStepException: The step 'user clicks on Personal Details tab' is undefined.
You can implement this step using the snippet(s) below:

@When("user clicks on Personal Details tab")
public void user_clicks_on_personal_details_tab() {
    // Write code here that turns the phrase above into concrete actions
    throw new io.cucumber.java.PendingException();
}

at ✽.user clicks on Personal Details tab(file:///C:/Users/ASUS/eclipse-workspace/Rose26A/src/test/resources/FeatureFile/MyInfo.Feature/MyInfo.feature:7)
]]>
    </failure>
  </testcase> <!-- runScenario -->
  <testcase classname="io.cucumber.testng.AbstractTestNGCucumberTests" name="runScenario" time="7.728">
    <failure type="io.cucumber.testng.UndefinedStepException" message="The step &amp;apos;user clicks on Contact Details tab&amp;apos; is undefined.
You can implement this step using the snippet(s) below:

@When(&amp;quot;user clicks on Contact Details tab&amp;quot;)
public void user_clicks_on_contact_details_tab() {
    // Write code here that turns the phrase above into concrete actions
    throw new io.cucumber.java.PendingException();
}
">
      <![CDATA[io.cucumber.testng.UndefinedStepException: The step 'user clicks on Contact Details tab' is undefined.
You can implement this step using the snippet(s) below:

@When("user clicks on Contact Details tab")
public void user_clicks_on_contact_details_tab() {
    // Write code here that turns the phrase above into concrete actions
    throw new io.cucumber.java.PendingException();
}

at ✽.user clicks on Contact Details tab(file:///C:/Users/ASUS/eclipse-workspace/Rose26A/src/test/resources/FeatureFile/MyInfo.Feature/MyInfo.feature:17)
]]>
    </failure>
  </testcase> <!-- runScenario -->
  <testcase classname="io.cucumber.testng.AbstractTestNGCucumberTests" name="runScenario" time="8.184">
    <failure type="io.cucumber.testng.UndefinedStepException" message="The step &amp;apos;user clicks on Personal Details tab&amp;apos; is undefined.
You can implement this step using the snippet(s) below:

@When(&amp;quot;user clicks on Personal Details tab&amp;quot;)
public void user_clicks_on_personal_details_tab() {
    // Write code here that turns the phrase above into concrete actions
    throw new io.cucumber.java.PendingException();
}
">
      <![CDATA[io.cucumber.testng.UndefinedStepException: The step 'user clicks on Personal Details tab' is undefined.
You can implement this step using the snippet(s) below:

@When("user clicks on Personal Details tab")
public void user_clicks_on_personal_details_tab() {
    // Write code here that turns the phrase above into concrete actions
    throw new io.cucumber.java.PendingException();
}

at ✽.user clicks on Personal Details tab(file:///C:/Users/ASUS/eclipse-workspace/Rose26A/src/test/resources/FeatureFile/MyInfo.Feature/MyInfo.feature:27)
]]>
    </failure>
  </testcase> <!-- runScenario -->
  <testcase classname="io.cucumber.testng.AbstractTestNGCucumberTests" name="runScenario" time="9.423">
    <failure type="io.cucumber.testng.UndefinedStepException" message="The step &amp;apos;user clicks on Emergency Contacts tab&amp;apos; is undefined.
You can implement this step using the snippet(s) below:

@When(&amp;quot;user clicks on Emergency Contacts tab&amp;quot;)
public void user_clicks_on_emergency_contacts_tab() {
    // Write code here that turns the phrase above into concrete actions
    throw new io.cucumber.java.PendingException();
}
">
      <![CDATA[io.cucumber.testng.UndefinedStepException: The step 'user clicks on Emergency Contacts tab' is undefined.
You can implement this step using the snippet(s) below:

@When("user clicks on Emergency Contacts tab")
public void user_clicks_on_emergency_contacts_tab() {
    // Write code here that turns the phrase above into concrete actions
    throw new io.cucumber.java.PendingException();
}

at ✽.user clicks on Emergency Contacts tab(file:///C:/Users/ASUS/eclipse-workspace/Rose26A/src/test/resources/FeatureFile/MyInfo.Feature/MyInfo.feature:36)
]]>
    </failure>
  </testcase> <!-- runScenario -->
  <testcase classname="io.cucumber.testng.AbstractTestNGCucumberTests" name="runScenario" time="9.063">
    <failure type="io.cucumber.testng.UndefinedStepException" message="The step &amp;apos;user clicks on Personal Details tab&amp;apos; is undefined.
You can implement this step using the snippet(s) below:

@When(&amp;quot;user clicks on Personal Details tab&amp;quot;)
public void user_clicks_on_personal_details_tab() {
    // Write code here that turns the phrase above into concrete actions
    throw new io.cucumber.java.PendingException();
}
">
      <![CDATA[io.cucumber.testng.UndefinedStepException: The step 'user clicks on Personal Details tab' is undefined.
You can implement this step using the snippet(s) below:

@When("user clicks on Personal Details tab")
public void user_clicks_on_personal_details_tab() {
    // Write code here that turns the phrase above into concrete actions
    throw new io.cucumber.java.PendingException();
}

at ✽.user clicks on Personal Details tab(file:///C:/Users/ASUS/eclipse-workspace/Rose26A/src/test/resources/FeatureFile/MyInfo.Feature/MyInfo.feature:48)
]]>
    </failure>
  </testcase> <!-- runScenario -->
  <testcase classname="io.cucumber.testng.AbstractTestNGCucumberTests" name="runScenario" time="38.327">
    <failure type="org.openqa.selenium.TimeoutException" message="[WaitFor] TIMEOUT — NOT CLICKABLE: By.xpath: //a[normalize-space()=&amp;apos;Work Experience&amp;apos;]
  May be hidden, disabled, or overlapped.">
      <![CDATA[org.openqa.selenium.TimeoutException: [WaitFor] TIMEOUT — NOT CLICKABLE: By.xpath: //a[normalize-space()='Work Experience']
  May be hidden, disabled, or overlapped.
at com.skillio.utils.WaitFor.elementToBeClickable(WaitFor.java:63)
at com.skillio.pages.MyInfoPage.clickTab(MyInfoPage.java:196)
at com.skillio.stepdefinitions.MyInfoSteps.userClicksOnTab(MyInfoSteps.java:21)
at ✽.user clicks on "Work Experience" tab(file:///C:/Users/ASUS/eclipse-workspace/Rose26A/src/test/resources/FeatureFile/MyInfo.Feature/MyInfo.feature:58)
Caused by: org.openqa.selenium.TimeoutException: Expected condition failed: waiting for element found by By.xpath: //a[normalize-space()='Work Experience'] to be clickable, but the element was not found: org.openqa.selenium.NoSuchElementException: no such element: Unable to locate element: {"method":"xpath","selector":"//a[normalize-space()='Work Experience']"}.
(tried for 30 seconds with 500 milliseconds interval)
Build info: version: '4.40.0', revision: 'b3333f1'
System info: os.name: 'Windows 11', os.arch: 'amd64', os.version: '10.0', java.version: '21.0.9'
Driver info: org.openqa.selenium.chrome.ChromeDriver
Capabilities {acceptInsecureCerts: false, browserName: chrome, browserVersion: 147.0.7727.117, chrome: {chromedriverVersion: 147.0.7727.117 (474cc805edd..., userDataDir: C:\Users\ASUS\AppData\Local...}, fedcm:accounts: true, goog:chromeOptions: {debuggerAddress: localhost:53945}, goog:processID: 24348, networkConnectionEnabled: false, pageLoadStrategy: normal, platformName: windows, proxy: Proxy(), se:cdp: ws://localhost:53945/devtoo..., se:cdpVersion: 147.0.7727.117, setWindowRect: true, strictFileInteractability: false, timeouts: {implicit: 0, pageLoad: 300000, script: 30000}, unhandledPromptBehavior: dismiss and notify, webauthn:extension:credBlob: true, webauthn:extension:largeBlob: true, webauthn:extension:minPinLength: true, webauthn:extension:prf: true, webauthn:virtualAuthenticators: true}
Session ID: d3e0ba8aa92815e3e48dbfc725a93a9a
at org.openqa.selenium.support.ui.WebDriverWait.timeoutException(WebDriverWait.java:84)
at org.openqa.selenium.support.ui.FluentWait.until(FluentWait.java:231)
at com.skillio.utils.WaitFor.elementToBeClickable(WaitFor.java:61)
... 3 more
]]>
    </failure>
  </testcase> <!-- runScenario -->
  <testcase classname="io.cucumber.testng.AbstractTestNGCucumberTests" name="runScenario" time="12.356">
    <failure type="io.cucumber.testng.UndefinedStepException" message="The step &amp;apos;user clicks on Contact Details tab&amp;apos; is undefined.
You can implement this step using the snippet(s) below:

@When(&amp;quot;user clicks on Contact Details tab&amp;quot;)
public void user_clicks_on_contact_details_tab() {
    // Write code here that turns the phrase above into concrete actions
    throw new io.cucumber.java.PendingException();
}
">
      <![CDATA[io.cucumber.testng.UndefinedStepException: The step 'user clicks on Contact Details tab' is undefined.
You can implement this step using the snippet(s) below:

@When("user clicks on Contact Details tab")
public void user_clicks_on_contact_details_tab() {
    // Write code here that turns the phrase above into concrete actions
    throw new io.cucumber.java.PendingException();
}

at ✽.user clicks on Contact Details tab(file:///C:/Users/ASUS/eclipse-workspace/Rose26A/src/test/resources/FeatureFile/MyInfo.Feature/MyInfo.feature:72)
]]>
    </failure>
  </testcase> <!-- runScenario -->
  <testcase classname="io.cucumber.testng.AbstractTestNGCucumberTests" name="runScenario" time="8.535">
[...]
    throw new io.cucumber.java.PendingException();
}
">
      <![CDATA[io.cucumber.testng.UndefinedStepException: The step 'user navigates to Recruitment module' and 3 other step(s) are undefined.
You can implement these steps using the snippet(s) below:

@When("user navigates to Recruitment module")
public void user_navigates_to_recruitment_module() {
    // Write code here that turns the phrase above into concrete actions
    throw new io.cucumber.java.PendingException();
}
@When("user selects vacancy {string} in candidate search form")
public void user_selects_vacancy_in_candidate_search_form(String string) {
    // Write code here that turns the phrase above into concrete actions
    throw new io.cucumber.java.PendingException();
}
@When("user clicks Search button")
public void user_clicks_search_button() {
    // Write code here that turns the phrase above into concrete actions
    throw new io.cucumber.java.PendingException();
}
@Then("candidates list for {string} should be displayed")
public void candidates_list_for_should_be_displayed(String string) {
    // Write code here that turns the phrase above into concrete actions
    throw new io.cucumber.java.PendingException();
}

at ✽.user navigates to Recruitment module(file:///C:/Users/ASUS/eclipse-workspace/Rose26A/src/test/resources/FeatureFile/Recruitment.Feature/Recruitment.feature:47)
]]>
    </failure>
  </testcase> <!-- runScenario -->
  <testcase classname="io.cucumber.testng.AbstractTestNGCucumberTests" name="runScenario" time="4.903">
    <failure type="io.cucumber.testng.UndefinedStepException" message="The step &amp;apos;user navigates to Recruitment module&amp;apos; and 4 other step(s) are undefined.
You can implement these steps using the snippet(s) below:

@When(&amp;quot;user navigates to Recruitment module&amp;quot;)
public void user_navigates_to_recruitment_module() {
    // Write code here that turns the phrase above into concrete actions
    throw new io.cucumber.java.PendingException();
}
@When(&amp;quot;user searches for vacancy {string} in vacancies list&amp;quot;)
public void user_searches_for_vacancy_in_vacancies_list(String string) {
    // Write code here that turns the phrase above into concrete actions
    throw new io.cucumber.java.PendingException();
}
@When(&amp;quot;user clicks Edit on vacancy {string}&amp;quot;)
public void user_clicks_edit_on_vacancy(String string) {
    // Write code here that turns the phrase above into concrete actions
    throw new io.cucumber.java.PendingException();
}
@When(&amp;quot;user updates number of positions to {string}&amp;quot;)
public void user_updates_number_of_positions_to(String string) {
    // Write code here that turns the phrase above into concrete actions
    throw new io.cucumber.java.PendingException();
}
@Then(&amp;quot;vacancy {string} should show {string} positions&amp;quot;)
public void vacancy_should_show_positions(String string, String string2) {
    // Write code here that turns the phrase above into concrete actions
    throw new io.cucumber.java.PendingException();
}
">
      <![CDATA[io.cucumber.testng.UndefinedStepException: The step 'user navigates to Recruitment module' and 4 other step(s) are undefined.
You can implement these steps using the snippet(s) below:

@When("user navigates to Recruitment module")
public void user_navigates_to_recruitment_module() {
    // Write code here that turns the phrase above into concrete actions
    throw new io.cucumber.java.PendingException();
}
@When("user searches for vacancy {string} in vacancies list")
public void user_searches_for_vacancy_in_vacancies_list(String string) {
    // Write code here that turns the phrase above into concrete actions
    throw new io.cucumber.java.PendingException();
}
@When("user clicks Edit on vacancy {string}")
public void user_clicks_edit_on_vacancy(String string) {
    // Write code here that turns the phrase above into concrete actions
    throw new io.cucumber.java.PendingException();
}
@When("user updates number of positions to {string}")
public void user_updates_number_of_positions_to(String string) {
    // Write code here that turns the phrase above into concrete actions
    throw new io.cucumber.java.PendingException();
}
@Then("vacancy {string} should show {string} positions")
public void vacancy_should_show_positions(String string, String string2) {
    // Write code here that turns the phrase above into concrete actions
    throw new io.cucumber.java.PendingException();
}

at ✽.user navigates to Recruitment module(file:///C:/Users/ASUS/eclipse-workspace/Rose26A/src/test/resources/FeatureFile/Recruitment.Feature/Recruitment.feature:54)
]]>
    </failure>
  </testcase> <!-- runScenario -->
  <testcase classname="io.cucumber.testng.AbstractTestNGCucumberTests" name="runScenario" time="5.049">
    <failure type="io.cucumber.testng.UndefinedStepException" message="The step &amp;apos;user navigates to Recruitment module&amp;apos; and 6 other step(s) are undefined.
You can implement these steps using the snippet(s) below:

@When(&amp;quot;user navigates to Recruitment module&amp;quot;)
public void user_navigates_to_recruitment_module() {
    // Write code here that turns the phrase above into concrete actions
    throw new io.cucumber.java.PendingException();
}
@When(&amp;quot;user opens vacancy {string}&amp;quot;)
public void user_opens_vacancy(String string) {
    // Write code here that turns the phrase above into concrete actions
    throw new io.cucumber.java.PendingException();
}
@When(&amp;quot;user clicks {string} in candidates section&amp;quot;)
public void user_clicks_in_candidates_section(String string) {
    // Write code here that turns the phrase above into concrete actions
    throw new io.cucumber.java.PendingException();
}
@When(&amp;quot;user leaves candidate first name blank&amp;quot;)
public void user_leaves_candidate_first_name_blank() {
    // Write code here that turns the phrase above into concrete actions
    throw new io.cucumber.java.PendingException();
}
@When(&amp;quot;user enters candidate last name {string}&amp;quot;)
public void user_enters_candidate_last_name(String string) {
    // Write code here that turns the phrase above into concrete actions
    throw new io.cucumber.java.PendingException();
}
@When(&amp;quot;user enters candidate email {string}&amp;quot;)
public void user_enters_candidate_email(String string) {
    // Write code here that turns the phrase above into concrete actions
    throw new io.cucumber.java.PendingException();
}
@Then(&amp;quot;field validation error {string} should appear under first name&amp;quot;)
public void field_validation_error_should_appear_under_first_name(String string) {
    // Write code here that turns the phrase above into concrete actions
    throw new io.cucumber.java.PendingException();
}
">
      <![CDATA[io.cucumber.testng.UndefinedStepException: The step 'user navigates to Recruitment module' and 6 other step(s) are undefined.
You can implement these steps using the snippet(s) below:

@When("user navigates to Recruitment module")
public void user_navigates_to_recruitment_module() {
    // Write code here that turns the phrase above into concrete actions
    throw new io.cucumber.java.PendingException();
}
@When("user opens vacancy {string}")
public void user_opens_vacancy(String string) {
    // Write code here that turns the phrase above into concrete actions
    throw new io.cucumber.java.PendingException();
}
@When("user clicks {string} in candidates section")
public void user_clicks_in_candidates_section(String string) {
    // Write code here that turns the phrase above into concrete actions
    throw new io.cucumber.java.PendingException();
}
@When("user leaves candidate first name blank")
public void user_leaves_candidate_first_name_blank() {
    // Write code here that turns the phrase above into concrete actions
    throw new io.cucumber.java.PendingException();
}
@When("user enters candidate last name {string}")
public void user_enters_candidate_last_name(String string) {
    // Write code here that turns the phrase above into concrete actions
    throw new io.cucumber.java.PendingException();
}
@When("user enters candidate email {string}")
public void user_enters_candidate_email(String string) {
    // Write code here that turns the phrase above into concrete actions
    throw new io.cucumber.java.PendingException();
}
@Then("field validation error {string} should appear under first name")
public void field_validation_error_should_appear_under_first_name(String string) {
    // Write code here that turns the phrase above into concrete actions
    throw new io.cucumber.java.PendingException();
}

at ✽.user navigates to Recruitment module(file:///C:/Users/ASUS/eclipse-workspace/Rose26A/src/test/resources/FeatureFile/Recruitment.Feature/Recruitment.feature:65)
]]>
    </failure>
  </testcase> <!-- runScenario -->
  <testcase classname="io.cucumber.testng.AbstractTestNGCucumberTests" name="runScenario" time="6.206">
    <failure type="io.cucumber.testng.UndefinedStepException" message="The step &amp;apos;user navigates to Recruitment module&amp;apos; and 3 other step(s) are undefined.
You can implement these steps using the snippet(s) below:

@When(&amp;quot;user navigates to Recruitment module&amp;quot;)
public void user_navigates_to_recruitment_module() {
    // Write code here that turns the phrase above into concrete actions
    throw new io.cucumber.java.PendingException();
}
@When(&amp;quot;user clicks on {string} button in Vacancies section&amp;quot;)
public void user_clicks_on_button_in_vacancies_section(String string) {
    // Write code here that turns the phrase above into concrete actions
    throw new io.cucumber.java.PendingException();
}
@When(&amp;quot;user enters vacancy name {string}&amp;quot;)
public void user_enters_vacancy_name(String string) {
    // Write code here that turns the phrase above into concrete actions
    throw new io.cucumber.java.PendingException();
}
@When(&amp;quot;user selects job title {string}&amp;quot;)
public void user_selects_job_title(String string) {
    // Write code here that turns the phrase above into concrete actions
    throw new io.cucumber.java.PendingException();
}
">
      <![CDATA[io.cucumber.testng.UndefinedStepException: The step 'user navigates to Recruitment module' and 3 other step(s) are undefined.
You can implement these steps using the snippet(s) below:

@When("user navigates to Recruitment module")
public void user_navigates_to_recruitment_module() {
    // Write code here that turns the phrase above into concrete actions
    throw new io.cucumber.java.PendingException();
}
@When("user clicks on {string} button in Vacancies section")
public void user_clicks_on_button_in_vacancies_section(String string) {
    // Write code here that turns the phrase above into concrete actions
    throw new io.cucumber.java.PendingException();
}
@When("user enters vacancy name {string}")
public void user_enters_vacancy_name(String string) {
    // Write code here that turns the phrase above into concrete actions
    throw new io.cucumber.java.PendingException();
}
@When("user selects job title {string}")
public void user_selects_job_title(String string) {
    // Write code here that turns the phrase above into concrete actions
    throw new io.cucumber.java.PendingException();
}

at ✽.user navigates to Recruitment module(file:///C:/Users/ASUS/eclipse-workspace/Rose26A/src/test/resources/FeatureFile/Recruitment.Feature/Recruitment.feature:77)
]]>
    </failure>
  </testcase> <!-- runScenario -->
  <testcase classname="io.cucumber.testng.AbstractTestNGCucumberTests" name="runScenario" time="6.103">
    <failure type="io.cucumber.testng.UndefinedStepException" message="The step &amp;apos;user navigates to Recruitment module&amp;apos; and 6 other step(s) are undefined.
You can implement these steps using the snippet(s) below:

@When(&amp;quot;user navigates to Recruitment module&amp;quot;)
public void user_navigates_to_recruitment_module() {
    // Write code here that turns the phrase above into concrete actions
    throw new io.cucumber.java.PendingException();
}
@When(&amp;quot;user searches for candidate {string} by vacancy {string}&amp;quot;)
public void user_searches_for_candidate_by_vacancy(String string, String string2) {
    // Write code here that turns the phrase above into concrete actions
    throw new io.cucumber.java.PendingException();
}
@When(&amp;quot;user opens candidate profile for {string}&amp;quot;)
public void user_opens_candidate_profile_for(String string) {
    // Write code here that turns the phrase above into concrete actions
    throw new io.cucumber.java.PendingException();
}
@When(&amp;quot;user clicks {string} action button&amp;quot;)
public void user_clicks_action_button(String string) {
    // Write code here that turns the phrase above into concrete actions
    throw new io.cucumber.java.PendingException();
}
@When(&amp;quot;user enters shortlisting note {string}&amp;quot;)
public void user_enters_shortlisting_note(String string) {
    // Write code here that turns the phrase above into concrete actions
    throw new io.cucumber.java.PendingException();
}
@When(&amp;quot;user confirms the action&amp;quot;)
public void user_confirms_the_action() {
    // Write code here that turns the phrase above into concrete actions
    throw new io.cucumber.java.PendingException();
}
@Then(&amp;quot;candidate status should change to {string}&amp;quot;)
public void candidate_status_should_change_to(String string) {
    // Write code here that turns the phrase above into concrete actions
    throw new io.cucumber.java.PendingException();
}
">
      <![CDATA[io.cucumber.testng.UndefinedStepException: The step 'user navigates to Recruitment module' and 6 other step(s) are undefined.
You can implement these steps using the snippet(s) below:

@When("user navigates to Recruitment module")
public void user_navigates_to_recruitment_module() {
    // Write code here that turns the phrase above into concrete actions
    throw new io.cucumber.java.PendingException();
}
@When("user searches for candidate {string} by vacancy {string}")
public void user_searches_for_candidate_by_vacancy(String string, String string2) {
    // Write code here that turns the phrase above into concrete actions
    throw new io.cucumber.java.PendingException();
}
@When("user opens candidate profile for {string}")
public void user_opens_candidate_profile_for(String string) {
    // Write code here that turns the phrase above into concrete actions
    throw new io.cucumber.java.PendingException();
}
@When("user clicks {string} action button")
public void user_clicks_action_button(String string) {
    // Write code here that turns the phrase above into concrete actions
    throw new io.cucumber.java.PendingException();
}
@When("user enters shortlisting note {string}")
public void user_enters_shortlisting_note(String string) {
    // Write code here that turns the phrase above into concrete actions
    throw new io.cucumber.java.PendingException();
}
@When("user confirms the action")
public void user_confirms_the_action() {
    // Write code here that turns the phrase above into concrete actions
    throw new io.cucumber.java.PendingException();
}
@Then("candidate status should change to {string}")
public void candidate_status_should_change_to(String string) {
    // Write code here that turns the phrase above into concrete actions
    throw new io.cucumber.java.PendingException();
}

at ✽.user navigates to Recruitment module(file:///C:/Users/ASUS/eclipse-workspace/Rose26A/src/test/resources/FeatureFile/Recruitment.Feature/Recruitment.feature:87)
]]>
    </failure>
  </testcase> <!-- runScenario -->
  <testcase classname="io.cucumber.testng.AbstractTestNGCucumberTests" name="runScenario" time="5.186">
    <failure type="io.cucumber.testng.UndefinedStepException" message="The step &amp;apos;user navigates to Recruitment module&amp;apos; and 6 other step(s) are undefined.
You can implement these steps using the snippet(s) below:

@When(&amp;quot;user navigates to Recruitment module&amp;quot;)
public void user_navigates_to_recruitment_module() {
    // Write code here that turns the phrase above into concrete actions
    throw new io.cucumber.java.PendingException();
}
@When(&amp;quot;user searches for candidate {string} by vacancy {string}&amp;quot;)
public void user_searches_for_candidate_by_vacancy(String string, String string2) {
    // Write code here that turns the phrase above into concrete actions
    throw new io.cucumber.java.PendingException();
}
@When(&amp;quot;user opens candidate profile for {string}&amp;quot;)
public void user_opens_candidate_profile_for(String string) {
    // Write code here that turns the phrase above into concrete actions
    throw new io.cucumber.java.PendingException();
}
@When(&amp;quot;user clicks {string} action button&amp;quot;)
public void user_clicks_action_button(String string) {
    // Write code here that turns the phrase above into concrete actions
    throw new io.cucumber.java.PendingException();
}
@When(&amp;quot;user enters rejection note {string}&amp;quot;)
public void user_enters_rejection_note(String string) {
    // Write code here that turns the phrase above into concrete actions
    throw new io.cucumber.java.PendingException();
}
@When(&amp;quot;user confirms the action&amp;quot;)
public void user_confirms_the_action() {
    // Write code here that turns the phrase above into concrete actions
    throw new io.cucumber.java.PendingException();
}
@Then(&amp;quot;candidate status should change to {string}&amp;quot;)
public void candidate_status_should_change_to(String string) {
    // Write code here that turns the phrase above into concrete actions
    throw new io.cucumber.java.PendingException();
}
">
      <![CDATA[io.cucumber.testng.UndefinedStepException: The step 'user navigates to Recruitment module' and 6 other step(s) are undefined.
You can implement these steps using the snippet(s) below:

@When("user navigates to Recruitment module")
public void user_navigates_to_recruitment_module() {
    // Write code here that turns the phrase above into concrete actions
    throw new io.cucumber.java.PendingException();
}
@When("user searches for candidate {string} by vacancy {string}")
public void user_searches_for_candidate_by_vacancy(String string, String string2) {
    // Write code here that turns the phrase above into concrete actions
    throw new io.cucumber.java.PendingException();
}
@When("user opens candidate profile for {string}")
public void user_opens_candidate_profile_for(String string) {
    // Write code here that turns the phrase above into concrete actions
    throw new io.cucumber.java.PendingException();
}
@When("user clicks {string} action button")
public void user_clicks_action_button(String string) {
    // Write code here that turns the phrase above into concrete actions
    throw new io.cucumber.java.PendingException();
}
@When("user enters rejection note {string}")
public void user_enters_rejection_note(String string) {
    // Write code here that turns the phrase above into concrete actions
    throw new io.cucumber.java.PendingException();
}
@When("user confirms the action")
public void user_confirms_the_action() {
    // Write code here that turns the phrase above into concrete actions
    throw new io.cucumber.java.PendingException();
}
@Then("candidate status should change to {string}")
public void candidate_status_should_change_to(String string) {
    // Write code here that turns the phrase above into concrete actions
    throw new io.cucumber.java.PendingException();
}

at ✽.user navigates to Recruitment module(file:///C:/Users/ASUS/eclipse-workspace/Rose26A/src/test/resources/FeatureFile/Recruitment.Feature/Recruitment.feature:98)
]]>
    </failure>
  </testcase> <!-- runScenario -->
</testsuite> <!-- Default test -->
